TpTrace Verbose: 0 : 1352, 1, 2024/07/19, 00:16:44.902, 2706902758400, datacollector.dll, Version: 17.10.0-release-24203-04
TpTrace Information: 0 : 1352, 1, 2024/07/19, 00:16:44.912, 2706902863531, datacollector.dll, DataCollectorMain.Run: Starting data collector run with args: --port,54697,--parentprocessid,2256,--diag,C:\Users\PC\source\repos\ExerciseSeleniumWaits\SearchWithExplicitWait\bin\Debug\net6.0\fine-code-coverage\coverage-tool-output\diagnostics.datacollector.24-07-19_00-16-44_69219_5.log,--tracelevel,4
TpTrace Information: 0 : 1352, 1, 2024/07/19, 00:16:44.912, 2706902867949, datacollector.dll, DataCollector: Monitoring parent process with id: '2256'
TpTrace Information: 0 : 1352, 1, 2024/07/19, 00:16:44.926, 2706903005936, datacollector.dll, Trying to connect to server on socket : 127.0.0.1:54697 
TpTrace Verbose: 0 : 1352, 1, 2024/07/19, 00:16:44.943, 2706903174705, datacollector.dll, SocketCommunicationManager : SetupClientAsync : Attempting to connect to the server.
TpTrace Information: 0 : 1352, 8, 2024/07/19, 00:16:44.960, 2706903339407, datacollector.dll, Connected to the server successfully 
TpTrace Information: 0 : 1352, 8, 2024/07/19, 00:16:44.960, 2706903341436, datacollector.dll, Using the buffer size of 16384 bytes
TpTrace Information: 0 : 1352, 1, 2024/07/19, 00:16:45.066, 2706904402959, datacollector.dll, DataCollector: Start Request Processing.
TpTrace Verbose: 0 : 1352, 1, 2024/07/19, 00:16:45.067, 2706904409447, datacollector.dll, SocketCommunicationManager.WaitForServerConnection took: 0 ms, with 90000 ms timeout, and finished with True.
TpTrace Information: 0 : 1352, 1, 2024/07/19, 00:16:45.067, 2706904414141, datacollector.dll, DataCollectionRequestHandler.ProcessRequests: Datacollector received message: (DataCollection.BeforeTestRunStart) -> {"MessageType":"DataCollection.BeforeTestRunStart","Payload":{"SettingsXml":"<RunSettings><RunConfiguration><ResultsDirectory>C:\\Users\\PC\\source\\repos\\ExerciseSeleniumWaits\\SearchWithExplicitWait\\bin\\Debug\\net6.0\\fine-code-coverage\\coverage-tool-output</ResultsDirectory><TargetPlatform>X64</TargetPlatform><TargetFrameworkVersion>.NETCoreApp,Version=v6.0</TargetFrameworkVersion><DesignMode>False</DesignMode><CollectSourceInformation>False</CollectSourceInformation><TestAdaptersPaths>C:\\Program Files\\dotnet\\sdk\\8.0.300\\Extensions</TestAdaptersPaths></RunConfiguration><LoggerRunSettings><Loggers><Logger friendlyName=\"blame\" enabled=\"True\" /><Logger friendlyName=\"Console\" uri=\"logger://microsoft/TestPlatform/ConsoleLogger/v1\" assemblyQualifiedName=\"Microsoft.VisualStudio.TestPlatform.CommandLine.Internal.ConsoleLogger, vstest.console, Version=15.0.0.0, Culture=neutral, PublicKeyToken=b03f5f7f11d50a3a\" codeBase=\"C:\\Program Files\\dotnet\\sdk\\8.0.300\\vstest.console.dll\" enabled=\"True\" /></Loggers></LoggerRunSettings><DataCollectionRunSettings><DataCollectors><DataCollector friendlyName=\"blame\" enabled=\"True\"><Configuration><ResultsDirectory>C:\\Users\\PC\\source\\repos\\ExerciseSeleniumWaits\\SearchWithExplicitWait\\bin\\Debug\\net6.0\\fine-code-coverage\\coverage-tool-output</ResultsDirectory></Configuration></DataCollector></DataCollectors></DataCollectionRunSettings></RunSettings>","Sources":["C:\\Users\\PC\\source\\repos\\ExerciseSeleniumWaits\\SearchWithExplicitWait\\bin\\Debug\\net6.0\\fine-code-coverage\\build-output\\SearchWithExplicitWait.dll"],"IsTelemetryOptedIn":false}}
TpTrace Verbose: 0 : 1352, 1, 2024/07/19, 00:16:45.131, 2706905057022, datacollector.dll, TestPluginCache: Update extensions started. Skip filter = False
TpTrace Verbose: 0 : 1352, 1, 2024/07/19, 00:16:45.133, 2706905072000, datacollector.dll, TestPluginCache: Using directories for assembly resolution 'C:\Program Files\dotnet\sdk\8.0.300\Extensions'.
TpTrace Verbose: 0 : 1352, 1, 2024/07/19, 00:16:45.133, 2706905074015, datacollector.dll, TestPluginCache: Updated the available extensions to 'C:\Program Files\dotnet\sdk\8.0.300\Extensions\Microsoft.TestPlatform.Extensions.BlameDataCollector.dll,C:\Program Files\dotnet\sdk\8.0.300\Extensions\Microsoft.TestPlatform.Extensions.EventLogCollector.dll'.
TpTrace Verbose: 0 : 1352, 1, 2024/07/19, 00:16:45.142, 2706905158398, datacollector.dll, TestPluginCache.DiscoverTestExtensions: finding test extensions in assemblies ends with: Collector.dll TPluginInfo: Microsoft.VisualStudio.TestPlatform.Common.DataCollector.DataCollectorConfig TExtension: Microsoft.VisualStudio.TestPlatform.ObjectModel.DataCollection.DataCollector
TpTrace Verbose: 0 : 1352, 1, 2024/07/19, 00:16:45.144, 2706905182417, datacollector.dll, TestPluginCache.GetExtensionPaths: Filtered extension paths: C:\Program Files\dotnet\sdk\8.0.300\Extensions\Microsoft.TestPlatform.Extensions.BlameDataCollector.dll
C:\Program Files\dotnet\sdk\8.0.300\Extensions\Microsoft.TestPlatform.Extensions.EventLogCollector.dll
TpTrace Verbose: 0 : 1352, 1, 2024/07/19, 00:16:45.144, 2706905185285, datacollector.dll, TestPluginCache.GetExtensionPaths: Added default extension paths: 
TpTrace Verbose: 0 : 1352, 1, 2024/07/19, 00:16:45.144, 2706905186023, datacollector.dll, TestPluginCache.GetExtensionPaths: Added unfilterableExtensionPaths: 
TpTrace Information: 0 : 1352, 1, 2024/07/19, 00:16:45.145, 2706905195783, datacollector.dll, AssemblyResolver.ctor: Creating AssemblyResolver with searchDirectories C:\Program Files\dotnet\sdk\8.0.300\Extensions,C:\Program Files\dotnet\sdk\8.0.300
TpTrace Verbose: 0 : 1352, 1, 2024/07/19, 00:16:45.148, 2706905221327, datacollector.dll, TestPluginCache.DiscoverTestExtensions: Discovering the extensions using extension path.
TpTrace Verbose: 0 : 1352, 1, 2024/07/19, 00:16:45.148, 2706905226375, datacollector.dll, TestPluginCache.GetExtensionPaths: Filtered extension paths: C:\Program Files\dotnet\sdk\8.0.300\Extensions\Microsoft.TestPlatform.Extensions.BlameDataCollector.dll
C:\Program Files\dotnet\sdk\8.0.300\Extensions\Microsoft.TestPlatform.Extensions.EventLogCollector.dll
TpTrace Verbose: 0 : 1352, 1, 2024/07/19, 00:16:45.148, 2706905227808, datacollector.dll, TestPluginCache.GetExtensionPaths: Added default extension paths: 
TpTrace Verbose: 0 : 1352, 1, 2024/07/19, 00:16:45.149, 2706905228983, datacollector.dll, TestPluginCache.GetExtensionPaths: Added unfilterableExtensionPaths: 
TpTrace Verbose: 0 : 1352, 1, 2024/07/19, 00:16:45.149, 2706905230729, datacollector.dll, TestPluginCache.DiscoverTestExtensions: Discovering the extensions using allExtensionPaths: C:\Program Files\dotnet\sdk\8.0.300\Extensions\Microsoft.TestPlatform.Extensions.BlameDataCollector.dll
C:\Program Files\dotnet\sdk\8.0.300\Extensions\Microsoft.TestPlatform.Extensions.EventLogCollector.dll
TpTrace Information: 0 : 1352, 1, 2024/07/19, 00:16:45.149, 2706905233680, datacollector.dll, AssemblyResolver.AddSearchDirectories: Adding more searchDirectories C:\Program Files\dotnet\sdk\8.0.300\Extensions,C:\Program Files\dotnet\sdk\8.0.300
TpTrace Information: 0 : 1352, 1, 2024/07/19, 00:16:45.149, 2706905235385, datacollector.dll, AssemblyResolver.AddSearchDirectories: Adding more searchDirectories C:\Program Files\dotnet\sdk\8.0.300\Extensions,C:\Program Files\dotnet\sdk\8.0.300
TpTrace Information: 0 : 1352, 1, 2024/07/19, 00:16:45.150, 2706905246578, datacollector.dll, AssemblyResolver.OnResolve: Microsoft.TestPlatform.Extensions.BlameDataCollector: Resolving assembly.
TpTrace Information: 0 : 1352, 1, 2024/07/19, 00:16:45.151, 2706905248898, datacollector.dll, AssemblyResolver.OnResolve: Microsoft.TestPlatform.Extensions.BlameDataCollector: Searching in: 'C:\Program Files\dotnet\sdk\8.0.300\Extensions'.
TpTrace Information: 0 : 1352, 1, 2024/07/19, 00:16:45.166, 2706905403068, datacollector.dll, AssemblyResolver.OnResolve: Microsoft.TestPlatform.Extensions.BlameDataCollector: Loading assembly 'C:\Program Files\dotnet\sdk\8.0.300\Extensions\Microsoft.TestPlatform.Extensions.BlameDataCollector.dll'.
TpTrace Information: 0 : 1352, 1, 2024/07/19, 00:16:45.167, 2706905416292, datacollector.dll, AssemblyResolver.OnResolve: Resolved assembly: Microsoft.TestPlatform.Extensions.BlameDataCollector, from path: C:\Program Files\dotnet\sdk\8.0.300\Extensions\Microsoft.TestPlatform.Extensions.BlameDataCollector.dll
TpTrace Verbose: 0 : 1352, 1, 2024/07/19, 00:16:45.174, 2706905485482, datacollector.dll, MetadataReaderExtensionsHelper: Discovering extensions inside assembly 'Microsoft.TestPlatform.Extensions.BlameDataCollector, Version=15.0.0.0, Culture=neutral, PublicKeyToken=b03f5f7f11d50a3a' file path 'C:\Program Files\dotnet\sdk\8.0.300\Extensions\Microsoft.TestPlatform.Extensions.BlameDataCollector.dll'
TpTrace Error: 0 : 1352, 1, 2024/07/19, 00:16:45.179, 2706905533337, datacollector.dll, The type "Microsoft.TestPlatform.Extensions.BlameDataCollector.BlameCollector" defined in "Microsoft.TestPlatform.Extensions.BlameDataCollector.dll" does not have ExtensionUri attribute.
TpTrace Information: 0 : 1352, 1, 2024/07/19, 00:16:45.184, 2706905581600, datacollector.dll, GetTestExtensionFromType: Register extension with identifier data 'datacollector://microsoft/TestPlatform/Extensions/Blame/v1' and type 'Microsoft.TestPlatform.Extensions.BlameDataCollector.BlameCollector, Microsoft.TestPlatform.Extensions.BlameDataCollector, Version=15.0.0.0, Culture=neutral, PublicKeyToken=b03f5f7f11d50a3a' inside file 'C:\Program Files\dotnet\sdk\8.0.300\Extensions\Microsoft.TestPlatform.Extensions.BlameDataCollector.dll'
TpTrace Information: 0 : 1352, 1, 2024/07/19, 00:16:45.184, 2706905584137, datacollector.dll, AssemblyResolver.OnResolve: Microsoft.TestPlatform.Extensions.EventLogCollector: Resolving assembly.
TpTrace Information: 0 : 1352, 1, 2024/07/19, 00:16:45.184, 2706905584932, datacollector.dll, AssemblyResolver.OnResolve: Microsoft.TestPlatform.Extensions.EventLogCollector: Searching in: 'C:\Program Files\dotnet\sdk\8.0.300\Extensions'.
TpTrace Information: 0 : 1352, 1, 2024/07/19, 00:16:45.185, 2706905594206, datacollector.dll, AssemblyResolver.OnResolve: Microsoft.TestPlatform.Extensions.EventLogCollector: Loading assembly 'C:\Program Files\dotnet\sdk\8.0.300\Extensions\Microsoft.TestPlatform.Extensions.EventLogCollector.dll'.
TpTrace Information: 0 : 1352, 1, 2024/07/19, 00:16:45.186, 2706905604016, datacollector.dll, AssemblyResolver.OnResolve: Resolved assembly: Microsoft.TestPlatform.Extensions.EventLogCollector, from path: C:\Program Files\dotnet\sdk\8.0.300\Extensions\Microsoft.TestPlatform.Extensions.EventLogCollector.dll
TpTrace Verbose: 0 : 1352, 1, 2024/07/19, 00:16:45.186, 2706905606884, datacollector.dll, MetadataReaderExtensionsHelper: Discovering extensions inside assembly 'Microsoft.TestPlatform.Extensions.EventLogCollector, Version=15.0.0.0, Culture=neutral, PublicKeyToken=b03f5f7f11d50a3a' file path 'C:\Program Files\dotnet\sdk\8.0.300\Extensions\Microsoft.TestPlatform.Extensions.EventLogCollector.dll'
TpTrace Error: 0 : 1352, 1, 2024/07/19, 00:16:45.191, 2706905651239, datacollector.dll, The type "Microsoft.TestPlatform.Extensions.EventLogCollector.EventLogDataCollector" defined in "Microsoft.TestPlatform.Extensions.EventLogCollector.dll" does not have ExtensionUri attribute.
TpTrace Information: 0 : 1352, 1, 2024/07/19, 00:16:45.191, 2706905654613, datacollector.dll, GetTestExtensionFromType: Register extension with identifier data 'datacollector://microsoft/EventLog/2.0' and type 'Microsoft.TestPlatform.Extensions.EventLogCollector.EventLogDataCollector, Microsoft.TestPlatform.Extensions.EventLogCollector, Version=15.0.0.0, Culture=neutral, PublicKeyToken=b03f5f7f11d50a3a' inside file 'C:\Program Files\dotnet\sdk\8.0.300\Extensions\Microsoft.TestPlatform.Extensions.EventLogCollector.dll'
TpTrace Verbose: 0 : 1352, 1, 2024/07/19, 00:16:45.192, 2706905658231, datacollector.dll, TestPluginCache: Discovered the extensions using extension path 'C:\Program Files\dotnet\sdk\8.0.300\Extensions\Microsoft.TestPlatform.Extensions.BlameDataCollector.dll,C:\Program Files\dotnet\sdk\8.0.300\Extensions\Microsoft.TestPlatform.Extensions.EventLogCollector.dll'.
TpTrace Verbose: 0 : 1352, 1, 2024/07/19, 00:16:45.192, 2706905659171, datacollector.dll, TestPluginCache: Discoverers are ''.
TpTrace Verbose: 0 : 1352, 1, 2024/07/19, 00:16:45.192, 2706905659786, datacollector.dll, TestPluginCache: Executors are ''.
TpTrace Verbose: 0 : 1352, 1, 2024/07/19, 00:16:45.192, 2706905660508, datacollector.dll, TestPluginCache: Executors2 are ''.
TpTrace Verbose: 0 : 1352, 1, 2024/07/19, 00:16:45.192, 2706905661148, datacollector.dll, TestPluginCache: Setting providers are ''.
TpTrace Verbose: 0 : 1352, 1, 2024/07/19, 00:16:45.192, 2706905661721, datacollector.dll, TestPluginCache: Loggers are ''.
TpTrace Verbose: 0 : 1352, 1, 2024/07/19, 00:16:45.192, 2706905662282, datacollector.dll, TestPluginCache: TestHosts are ''.
TpTrace Verbose: 0 : 1352, 1, 2024/07/19, 00:16:45.192, 2706905665805, datacollector.dll, TestPluginCache: DataCollectors are 'datacollector://microsoft/TestPlatform/Extensions/Blame/v1,datacollector://microsoft/EventLog/2.0'.
TpTrace Information: 0 : 1352, 1, 2024/07/19, 00:16:45.195, 2706905693003, datacollector.dll, TestPluginManager.CreateTestExtension: Attempting to load test extension: Microsoft.TestPlatform.Extensions.BlameDataCollector.BlameCollector
TpTrace Information: 0 : 1352, 1, 2024/07/19, 00:16:45.201, 2706905749190, datacollector.dll, [MonitorPostmortemDump]Monitor enabled: 'False'
TpTrace Verbose: 0 : 1352, 1, 2024/07/19, 00:16:45.202, 2706905760431, datacollector.dll, MulticastDelegateUtilities.SafeInvoke: DataCollectionEvents.SessionStart: Invoking callbacks was skipped because there are no subscribers.
TpTrace Information: 0 : 1352, 1, 2024/07/19, 00:16:45.203, 2706905768856, datacollector.dll, Listening on Endpoint : 127.0.0.1:54699
TpTrace Information: 0 : 1352, 1, 2024/07/19, 00:16:45.215, 2706905895985, datacollector.dll, DataCollectionRequestHandler.ProcessRequests : DataCollection started.
TpTrace Information: 0 : 1352, 1, 2024/07/19, 00:16:45.240, 2706906146065, datacollector.dll, DataCollectionRequestHandler.ProcessRequests: Datacollector received message: (DataCollection.TestHostLaunched) -> {"MessageType":"DataCollection.TestHostLaunched","Payload":{"ProcessId":4576}}
TpTrace Verbose: 0 : 1352, 1, 2024/07/19, 00:16:45.244, 2706906183358, datacollector.dll, MulticastDelegateUtilities.SafeInvoke: DataCollectionEvents.TestHostLaunched: Invoking callback 1/1 for Microsoft.TestPlatform.Extensions.BlameDataCollector.BlameCollector., took 0 ms.
TpTrace Information: 0 : 1352, 8, 2024/07/19, 00:16:45.509, 2706908836566, datacollector.dll, Using the buffer size of 16384 bytes
TpTrace Verbose: 0 : 1352, 6, 2024/07/19, 00:16:45.509, 2706908836818, datacollector.dll, SocketCommunicationManager.WaitForClientConnection took: 301 ms, with 90000 ms timeout, and finished with True.
TpTrace Information: 0 : 1352, 8, 2024/07/19, 00:16:45.510, 2706908838355, datacollector.dll, Accepted Client request and set the flag
TpTrace Information: 0 : 1352, 6, 2024/07/19, 00:16:46.581, 2706919551059, datacollector.dll, DataCollectionTestCaseEventHandler: Test case starting.
TpTrace Information: 0 : 1352, 6, 2024/07/19, 00:16:46.600, 2706919743261, datacollector.dll, BlameCollector.EventsTestCaseStart: Test Case Start
TpTrace Verbose: 0 : 1352, 6, 2024/07/19, 00:16:46.600, 2706919747460, datacollector.dll, MulticastDelegateUtilities.SafeInvoke: DataCollectionEvents.TestCaseStart: Invoking callback 1/1 for Microsoft.TestPlatform.Extensions.BlameDataCollector.BlameCollector., took 0 ms.
TpTrace Information: 0 : 1352, 6, 2024/07/19, 00:16:46.601, 2706919751852, datacollector.dll, DataCollectionTestCaseEventHandler: Test case 'SearchProduct_Keyboard_ShouldAddToCart - 4dde992e-dbea-a815-b35b-3fa24a4e5b73' started.
TpTrace Information: 0 : 1352, 6, 2024/07/19, 00:16:53.363, 2706987373849, datacollector.dll, DataCollectionTestCaseEventHandler: Test case completing.
TpTrace Information: 0 : 1352, 6, 2024/07/19, 00:16:53.376, 2706987498846, datacollector.dll, BlameCollector.EventsTestCaseEnd: Test Case End
TpTrace Verbose: 0 : 1352, 6, 2024/07/19, 00:16:53.376, 2706987504888, datacollector.dll, MulticastDelegateUtilities.SafeInvoke: DataCollectionEvents.TestCaseEnd: Invoking callback 1/1 for Microsoft.TestPlatform.Extensions.BlameDataCollector.BlameCollector., took 0 ms.
TpTrace Information: 0 : 1352, 6, 2024/07/19, 00:16:53.383, 2706987569295, datacollector.dll, DataCollectionTestCaseEventHandler: Test case 'SearchProduct_Keyboard_ShouldAddToCart - 4dde992e-dbea-a815-b35b-3fa24a4e5b73' completed
TpTrace Information: 0 : 1352, 6, 2024/07/19, 00:16:53.434, 2706988083099, datacollector.dll, DataCollectionTestCaseEventHandler: Test case starting.
TpTrace Information: 0 : 1352, 6, 2024/07/19, 00:16:53.436, 2706988101035, datacollector.dll, BlameCollector.EventsTestCaseStart: Test Case Start
TpTrace Verbose: 0 : 1352, 6, 2024/07/19, 00:16:53.436, 2706988103857, datacollector.dll, MulticastDelegateUtilities.SafeInvoke: DataCollectionEvents.TestCaseStart: Invoking callback 1/1 for Microsoft.TestPlatform.Extensions.BlameDataCollector.BlameCollector., took 0 ms.
TpTrace Information: 0 : 1352, 6, 2024/07/19, 00:16:53.436, 2706988108038, datacollector.dll, DataCollectionTestCaseEventHandler: Test case 'SearchProduct_Junk_ShouldThrowNoSuchElementExeption - 030c8af0-65ae-11a2-b4a4-4ee11cba073a' started.
TpTrace Information: 0 : 1352, 6, 2024/07/19, 00:17:09.758, 2707151321855, datacollector.dll, DataCollectionTestCaseEventHandler: Test case completing.
TpTrace Information: 0 : 1352, 6, 2024/07/19, 00:17:09.760, 2707151338512, datacollector.dll, BlameCollector.EventsTestCaseEnd: Test Case End
TpTrace Verbose: 0 : 1352, 6, 2024/07/19, 00:17:09.760, 2707151340742, datacollector.dll, MulticastDelegateUtilities.SafeInvoke: DataCollectionEvents.TestCaseEnd: Invoking callback 1/1 for Microsoft.TestPlatform.Extensions.BlameDataCollector.BlameCollector., took 0 ms.
TpTrace Information: 0 : 1352, 6, 2024/07/19, 00:17:09.760, 2707151344654, datacollector.dll, DataCollectionTestCaseEventHandler: Test case 'SearchProduct_Junk_ShouldThrowNoSuchElementExeption - 030c8af0-65ae-11a2-b4a4-4ee11cba073a' completed
TpTrace Information: 0 : 1352, 6, 2024/07/19, 00:17:09.788, 2707151622827, datacollector.dll, DataCollectionTestCaseEventHandler: Test session ended
TpTrace Information: 0 : 1352, 1, 2024/07/19, 00:17:09.845, 2707152193366, datacollector.dll, DataCollectionRequestHandler.ProcessRequests: Datacollector received message: (DataCollection.AfterTestRunEnd) -> {"MessageType":"DataCollection.AfterTestRunEnd","Payload":false}
TpTrace Information: 0 : 1352, 1, 2024/07/19, 00:17:09.846, 2707152206192, datacollector.dll, Blame Collector: Session End
TpTrace Information: 0 : 1352, 1, 2024/07/19, 00:17:09.846, 2707152207463, datacollector.dll, BlameCollector.CollectDumpAndAbortTesthost: Custom path to dump directory was provided via VSTEST_DUMP_PATH. Skipping attachment upload, the caller is responsible for collecting and uploading the dumps themselves.
TpTrace Verbose: 0 : 1352, 1, 2024/07/19, 00:17:09.847, 2707152208915, datacollector.dll, MulticastDelegateUtilities.SafeInvoke: DataCollectionEvents.SessionEnd: Invoking callback 1/1 for Microsoft.TestPlatform.Extensions.BlameDataCollector.BlameCollector., took 0 ms.
TpTrace Information: 0 : 1352, 1, 2024/07/19, 00:17:09.847, 2707152217473, datacollector.dll, DataCollectionManager.CleanupPlugins: CleanupPlugins called
TpTrace Verbose: 0 : 1352, 1, 2024/07/19, 00:17:09.848, 2707152218476, datacollector.dll, DataCollectionManager.CleanupPlugins: Cleaning up 1 plugins
TpTrace Verbose: 0 : 1352, 1, 2024/07/19, 00:17:09.848, 2707152220513, datacollector.dll, dataCollectorInfo.DisposeDataCollector: calling Dispose() on Microsoft.TestPlatform.Extensions.BlameDataCollector.BlameCollector
TpTrace Information: 0 : 1352, 1, 2024/07/19, 00:17:09.848, 2707152221650, datacollector.dll, DataCollectionManager.CleanupPlugins: CleanupPlugins finished
TpTrace Information: 0 : 1352, 1, 2024/07/19, 00:17:09.854, 2707152282250, datacollector.dll, DataCollectionRequestHandler.ProcessRequests : Session End message received from server. Closing the connection.
TpTrace Information: 0 : 1352, 1, 2024/07/19, 00:17:09.854, 2707152286690, datacollector.dll, Closing the connection !
TpTrace Information: 0 : 1352, 1, 2024/07/19, 00:17:09.855, 2707152288588, datacollector.dll, DataCollectionRequestHandler.ProcessRequests : DataCollection completed
TpTrace Information: 0 : 1352, 1, 2024/07/19, 00:17:09.855, 2707152289686, datacollector.dll, Program.Main: exiting datacollector process.
