TpTrace Verbose: 0 : 18032, 1, 2024/07/18, 23:58:14.201, 2695795756319, datacollector.dll, Version: 17.10.0-release-24203-04
TpTrace Information: 0 : 18032, 1, 2024/07/18, 23:58:14.210, 2695795844943, datacollector.dll, DataCollectorMain.Run: Starting data collector run with args: --port,53813,--parentprocessid,17952,--diag,C:\Users\PC\source\repos\ExerciseSeleniumWaits\WorkingWithAlerts\bin\Debug\net6.0\fine-code-coverage\coverage-tool-output\diagnostics.datacollector.24-07-18_23-58-14_00537_5.log,--tracelevel,4
TpTrace Information: 0 : 18032, 1, 2024/07/18, 23:58:14.211, 2695795849354, datacollector.dll, DataCollector: Monitoring parent process with id: '17952'
TpTrace Information: 0 : 18032, 1, 2024/07/18, 23:58:14.224, 2695795984229, datacollector.dll, Trying to connect to server on socket : 127.0.0.1:53813 
TpTrace Verbose: 0 : 18032, 1, 2024/07/18, 23:58:14.240, 2695796144513, datacollector.dll, SocketCommunicationManager : SetupClientAsync : Attempting to connect to the server.
TpTrace Information: 0 : 18032, 6, 2024/07/18, 23:58:14.256, 2695796298322, datacollector.dll, Connected to the server successfully 
TpTrace Information: 0 : 18032, 6, 2024/07/18, 23:58:14.256, 2695796300394, datacollector.dll, Using the buffer size of 16384 bytes
TpTrace Information: 0 : 18032, 1, 2024/07/18, 23:58:14.375, 2695797494630, datacollector.dll, DataCollector: Start Request Processing.
TpTrace Verbose: 0 : 18032, 1, 2024/07/18, 23:58:14.376, 2695797498904, datacollector.dll, SocketCommunicationManager.WaitForServerConnection took: 0 ms, with 90000 ms timeout, and finished with True.
TpTrace Information: 0 : 18032, 1, 2024/07/18, 23:58:14.376, 2695797505976, datacollector.dll, DataCollectionRequestHandler.ProcessRequests: Datacollector received message: (DataCollection.BeforeTestRunStart) -> {"MessageType":"DataCollection.BeforeTestRunStart","Payload":{"SettingsXml":"<RunSettings><RunConfiguration><ResultsDirectory>C:\\Users\\PC\\source\\repos\\ExerciseSeleniumWaits\\WorkingWithAlerts\\bin\\Debug\\net6.0\\fine-code-coverage\\coverage-tool-output</ResultsDirectory><TargetPlatform>X64</TargetPlatform><TargetFrameworkVersion>.NETCoreApp,Version=v6.0</TargetFrameworkVersion><DesignMode>False</DesignMode><CollectSourceInformation>False</CollectSourceInformation><TestAdaptersPaths>C:\\Program Files\\dotnet\\sdk\\8.0.300\\Extensions</TestAdaptersPaths></RunConfiguration><LoggerRunSettings><Loggers><Logger friendlyName=\"blame\" enabled=\"True\" /><Logger friendlyName=\"Console\" uri=\"logger://microsoft/TestPlatform/ConsoleLogger/v1\" assemblyQualifiedName=\"Microsoft.VisualStudio.TestPlatform.CommandLine.Internal.ConsoleLogger, vstest.console, Version=15.0.0.0, Culture=neutral, PublicKeyToken=b03f5f7f11d50a3a\" codeBase=\"C:\\Program Files\\dotnet\\sdk\\8.0.300\\vstest.console.dll\" enabled=\"True\" /></Loggers></LoggerRunSettings><DataCollectionRunSettings><DataCollectors><DataCollector friendlyName=\"blame\" enabled=\"True\"><Configuration><ResultsDirectory>C:\\Users\\PC\\source\\repos\\ExerciseSeleniumWaits\\WorkingWithAlerts\\bin\\Debug\\net6.0\\fine-code-coverage\\coverage-tool-output</ResultsDirectory></Configuration></DataCollector></DataCollectors></DataCollectionRunSettings></RunSettings>","Sources":["C:\\Users\\PC\\source\\repos\\ExerciseSeleniumWaits\\WorkingWithAlerts\\bin\\Debug\\net6.0\\fine-code-coverage\\build-output\\WorkingWithAlerts.dll"],"IsTelemetryOptedIn":false}}
TpTrace Verbose: 0 : 18032, 1, 2024/07/18, 23:58:14.435, 2695798093511, datacollector.dll, TestPluginCache: Update extensions started. Skip filter = False
TpTrace Verbose: 0 : 18032, 1, 2024/07/18, 23:58:14.436, 2695798104244, datacollector.dll, TestPluginCache: Using directories for assembly resolution 'C:\Program Files\dotnet\sdk\8.0.300\Extensions'.
TpTrace Verbose: 0 : 18032, 1, 2024/07/18, 23:58:14.436, 2695798105414, datacollector.dll, TestPluginCache: Updated the available extensions to 'C:\Program Files\dotnet\sdk\8.0.300\Extensions\Microsoft.TestPlatform.Extensions.BlameDataCollector.dll,C:\Program Files\dotnet\sdk\8.0.300\Extensions\Microsoft.TestPlatform.Extensions.EventLogCollector.dll'.
TpTrace Verbose: 0 : 18032, 1, 2024/07/18, 23:58:14.443, 2695798171742, datacollector.dll, TestPluginCache.DiscoverTestExtensions: finding test extensions in assemblies ends with: Collector.dll TPluginInfo: Microsoft.VisualStudio.TestPlatform.Common.DataCollector.DataCollectorConfig TExtension: Microsoft.VisualStudio.TestPlatform.ObjectModel.DataCollection.DataCollector
TpTrace Verbose: 0 : 18032, 1, 2024/07/18, 23:58:14.445, 2695798188954, datacollector.dll, TestPluginCache.GetExtensionPaths: Filtered extension paths: C:\Program Files\dotnet\sdk\8.0.300\Extensions\Microsoft.TestPlatform.Extensions.BlameDataCollector.dll
C:\Program Files\dotnet\sdk\8.0.300\Extensions\Microsoft.TestPlatform.Extensions.EventLogCollector.dll
TpTrace Verbose: 0 : 18032, 1, 2024/07/18, 23:58:14.445, 2695798190048, datacollector.dll, TestPluginCache.GetExtensionPaths: Added default extension paths: 
TpTrace Verbose: 0 : 18032, 1, 2024/07/18, 23:58:14.445, 2695798190678, datacollector.dll, TestPluginCache.GetExtensionPaths: Added unfilterableExtensionPaths: 
TpTrace Information: 0 : 18032, 1, 2024/07/18, 23:58:14.446, 2695798202237, datacollector.dll, AssemblyResolver.ctor: Creating AssemblyResolver with searchDirectories C:\Program Files\dotnet\sdk\8.0.300\Extensions,C:\Program Files\dotnet\sdk\8.0.300
TpTrace Verbose: 0 : 18032, 1, 2024/07/18, 23:58:14.448, 2695798220951, datacollector.dll, TestPluginCache.DiscoverTestExtensions: Discovering the extensions using extension path.
TpTrace Verbose: 0 : 18032, 1, 2024/07/18, 23:58:14.448, 2695798223809, datacollector.dll, TestPluginCache.GetExtensionPaths: Filtered extension paths: C:\Program Files\dotnet\sdk\8.0.300\Extensions\Microsoft.TestPlatform.Extensions.BlameDataCollector.dll
C:\Program Files\dotnet\sdk\8.0.300\Extensions\Microsoft.TestPlatform.Extensions.EventLogCollector.dll
TpTrace Verbose: 0 : 18032, 1, 2024/07/18, 23:58:14.448, 2695798224644, datacollector.dll, TestPluginCache.GetExtensionPaths: Added default extension paths: 
TpTrace Verbose: 0 : 18032, 1, 2024/07/18, 23:58:14.448, 2695798225276, datacollector.dll, TestPluginCache.GetExtensionPaths: Added unfilterableExtensionPaths: 
TpTrace Verbose: 0 : 18032, 1, 2024/07/18, 23:58:14.448, 2695798226192, datacollector.dll, TestPluginCache.DiscoverTestExtensions: Discovering the extensions using allExtensionPaths: C:\Program Files\dotnet\sdk\8.0.300\Extensions\Microsoft.TestPlatform.Extensions.BlameDataCollector.dll
C:\Program Files\dotnet\sdk\8.0.300\Extensions\Microsoft.TestPlatform.Extensions.EventLogCollector.dll
TpTrace Information: 0 : 18032, 1, 2024/07/18, 23:58:14.448, 2695798227817, datacollector.dll, AssemblyResolver.AddSearchDirectories: Adding more searchDirectories C:\Program Files\dotnet\sdk\8.0.300\Extensions,C:\Program Files\dotnet\sdk\8.0.300
TpTrace Information: 0 : 18032, 1, 2024/07/18, 23:58:14.449, 2695798228904, datacollector.dll, AssemblyResolver.AddSearchDirectories: Adding more searchDirectories C:\Program Files\dotnet\sdk\8.0.300\Extensions,C:\Program Files\dotnet\sdk\8.0.300
TpTrace Information: 0 : 18032, 1, 2024/07/18, 23:58:14.449, 2695798235452, datacollector.dll, AssemblyResolver.OnResolve: Microsoft.TestPlatform.Extensions.BlameDataCollector: Resolving assembly.
TpTrace Information: 0 : 18032, 1, 2024/07/18, 23:58:14.449, 2695798236576, datacollector.dll, AssemblyResolver.OnResolve: Microsoft.TestPlatform.Extensions.BlameDataCollector: Searching in: 'C:\Program Files\dotnet\sdk\8.0.300\Extensions'.
TpTrace Information: 0 : 18032, 1, 2024/07/18, 23:58:14.462, 2695798361333, datacollector.dll, AssemblyResolver.OnResolve: Microsoft.TestPlatform.Extensions.BlameDataCollector: Loading assembly 'C:\Program Files\dotnet\sdk\8.0.300\Extensions\Microsoft.TestPlatform.Extensions.BlameDataCollector.dll'.
TpTrace Information: 0 : 18032, 1, 2024/07/18, 23:58:14.463, 2695798373538, datacollector.dll, AssemblyResolver.OnResolve: Resolved assembly: Microsoft.TestPlatform.Extensions.BlameDataCollector, from path: C:\Program Files\dotnet\sdk\8.0.300\Extensions\Microsoft.TestPlatform.Extensions.BlameDataCollector.dll
TpTrace Verbose: 0 : 18032, 1, 2024/07/18, 23:58:14.469, 2695798435045, datacollector.dll, MetadataReaderExtensionsHelper: Discovering extensions inside assembly 'Microsoft.TestPlatform.Extensions.BlameDataCollector, Version=15.0.0.0, Culture=neutral, PublicKeyToken=b03f5f7f11d50a3a' file path 'C:\Program Files\dotnet\sdk\8.0.300\Extensions\Microsoft.TestPlatform.Extensions.BlameDataCollector.dll'
TpTrace Error: 0 : 18032, 1, 2024/07/18, 23:58:14.473, 2695798471580, datacollector.dll, The type "Microsoft.TestPlatform.Extensions.BlameDataCollector.BlameCollector" defined in "Microsoft.TestPlatform.Extensions.BlameDataCollector.dll" does not have ExtensionUri attribute.
TpTrace Information: 0 : 18032, 1, 2024/07/18, 23:58:14.476, 2695798504893, datacollector.dll, GetTestExtensionFromType: Register extension with identifier data 'datacollector://microsoft/TestPlatform/Extensions/Blame/v1' and type 'Microsoft.TestPlatform.Extensions.BlameDataCollector.BlameCollector, Microsoft.TestPlatform.Extensions.BlameDataCollector, Version=15.0.0.0, Culture=neutral, PublicKeyToken=b03f5f7f11d50a3a' inside file 'C:\Program Files\dotnet\sdk\8.0.300\Extensions\Microsoft.TestPlatform.Extensions.BlameDataCollector.dll'
TpTrace Information: 0 : 18032, 1, 2024/07/18, 23:58:14.476, 2695798506933, datacollector.dll, AssemblyResolver.OnResolve: Microsoft.TestPlatform.Extensions.EventLogCollector: Resolving assembly.
TpTrace Information: 0 : 18032, 1, 2024/07/18, 23:58:14.476, 2695798507647, datacollector.dll, AssemblyResolver.OnResolve: Microsoft.TestPlatform.Extensions.EventLogCollector: Searching in: 'C:\Program Files\dotnet\sdk\8.0.300\Extensions'.
TpTrace Information: 0 : 18032, 1, 2024/07/18, 23:58:14.477, 2695798517588, datacollector.dll, AssemblyResolver.OnResolve: Microsoft.TestPlatform.Extensions.EventLogCollector: Loading assembly 'C:\Program Files\dotnet\sdk\8.0.300\Extensions\Microsoft.TestPlatform.Extensions.EventLogCollector.dll'.
TpTrace Information: 0 : 18032, 1, 2024/07/18, 23:58:14.478, 2695798526981, datacollector.dll, AssemblyResolver.OnResolve: Resolved assembly: Microsoft.TestPlatform.Extensions.EventLogCollector, from path: C:\Program Files\dotnet\sdk\8.0.300\Extensions\Microsoft.TestPlatform.Extensions.EventLogCollector.dll
TpTrace Verbose: 0 : 18032, 1, 2024/07/18, 23:58:14.479, 2695798528492, datacollector.dll, MetadataReaderExtensionsHelper: Discovering extensions inside assembly 'Microsoft.TestPlatform.Extensions.EventLogCollector, Version=15.0.0.0, Culture=neutral, PublicKeyToken=b03f5f7f11d50a3a' file path 'C:\Program Files\dotnet\sdk\8.0.300\Extensions\Microsoft.TestPlatform.Extensions.EventLogCollector.dll'
TpTrace Error: 0 : 18032, 1, 2024/07/18, 23:58:14.483, 2695798568928, datacollector.dll, The type "Microsoft.TestPlatform.Extensions.EventLogCollector.EventLogDataCollector" defined in "Microsoft.TestPlatform.Extensions.EventLogCollector.dll" does not have ExtensionUri attribute.
TpTrace Information: 0 : 18032, 1, 2024/07/18, 23:58:14.483, 2695798572136, datacollector.dll, GetTestExtensionFromType: Register extension with identifier data 'datacollector://microsoft/EventLog/2.0' and type 'Microsoft.TestPlatform.Extensions.EventLogCollector.EventLogDataCollector, Microsoft.TestPlatform.Extensions.EventLogCollector, Version=15.0.0.0, Culture=neutral, PublicKeyToken=b03f5f7f11d50a3a' inside file 'C:\Program Files\dotnet\sdk\8.0.300\Extensions\Microsoft.TestPlatform.Extensions.EventLogCollector.dll'
TpTrace Verbose: 0 : 18032, 1, 2024/07/18, 23:58:14.483, 2695798575904, datacollector.dll, TestPluginCache: Discovered the extensions using extension path 'C:\Program Files\dotnet\sdk\8.0.300\Extensions\Microsoft.TestPlatform.Extensions.BlameDataCollector.dll,C:\Program Files\dotnet\sdk\8.0.300\Extensions\Microsoft.TestPlatform.Extensions.EventLogCollector.dll'.
TpTrace Verbose: 0 : 18032, 1, 2024/07/18, 23:58:14.483, 2695798576723, datacollector.dll, TestPluginCache: Discoverers are ''.
TpTrace Verbose: 0 : 18032, 1, 2024/07/18, 23:58:14.483, 2695798577282, datacollector.dll, TestPluginCache: Executors are ''.
TpTrace Verbose: 0 : 18032, 1, 2024/07/18, 23:58:14.484, 2695798578705, datacollector.dll, TestPluginCache: Executors2 are ''.
TpTrace Verbose: 0 : 18032, 1, 2024/07/18, 23:58:14.484, 2695798579342, datacollector.dll, TestPluginCache: Setting providers are ''.
TpTrace Verbose: 0 : 18032, 1, 2024/07/18, 23:58:14.484, 2695798579878, datacollector.dll, TestPluginCache: Loggers are ''.
TpTrace Verbose: 0 : 18032, 1, 2024/07/18, 23:58:14.484, 2695798580391, datacollector.dll, TestPluginCache: TestHosts are ''.
TpTrace Verbose: 0 : 18032, 1, 2024/07/18, 23:58:14.484, 2695798583077, datacollector.dll, TestPluginCache: DataCollectors are 'datacollector://microsoft/TestPlatform/Extensions/Blame/v1,datacollector://microsoft/EventLog/2.0'.
TpTrace Information: 0 : 18032, 1, 2024/07/18, 23:58:14.486, 2695798603893, datacollector.dll, TestPluginManager.CreateTestExtension: Attempting to load test extension: Microsoft.TestPlatform.Extensions.BlameDataCollector.BlameCollector
TpTrace Information: 0 : 18032, 1, 2024/07/18, 23:58:14.492, 2695798660264, datacollector.dll, [MonitorPostmortemDump]Monitor enabled: 'False'
TpTrace Verbose: 0 : 18032, 1, 2024/07/18, 23:58:14.493, 2695798670856, datacollector.dll, MulticastDelegateUtilities.SafeInvoke: DataCollectionEvents.SessionStart: Invoking callbacks was skipped because there are no subscribers.
TpTrace Information: 0 : 18032, 1, 2024/07/18, 23:58:14.494, 2695798679477, datacollector.dll, Listening on Endpoint : 127.0.0.1:53816
TpTrace Information: 0 : 18032, 1, 2024/07/18, 23:58:14.505, 2695798792557, datacollector.dll, DataCollectionRequestHandler.ProcessRequests : DataCollection started.
TpTrace Information: 0 : 18032, 1, 2024/07/18, 23:58:14.525, 2695798996204, datacollector.dll, DataCollectionRequestHandler.ProcessRequests: Datacollector received message: (DataCollection.TestHostLaunched) -> {"MessageType":"DataCollection.TestHostLaunched","Payload":{"ProcessId":6844}}
TpTrace Verbose: 0 : 18032, 1, 2024/07/18, 23:58:14.529, 2695799031057, datacollector.dll, MulticastDelegateUtilities.SafeInvoke: DataCollectionEvents.TestHostLaunched: Invoking callback 1/1 for Microsoft.TestPlatform.Extensions.BlameDataCollector.BlameCollector., took 0 ms.
TpTrace Verbose: 0 : 18032, 9, 2024/07/18, 23:58:14.789, 2695801630437, datacollector.dll, SocketCommunicationManager.WaitForClientConnection took: 290 ms, with 90000 ms timeout, and finished with True.
TpTrace Information: 0 : 18032, 8, 2024/07/18, 23:58:14.789, 2695801632450, datacollector.dll, Using the buffer size of 16384 bytes
TpTrace Information: 0 : 18032, 8, 2024/07/18, 23:58:14.789, 2695801633939, datacollector.dll, Accepted Client request and set the flag
TpTrace Information: 0 : 18032, 9, 2024/07/18, 23:58:15.770, 2695811441272, datacollector.dll, DataCollectionTestCaseEventHandler: Test case starting.
TpTrace Information: 0 : 18032, 9, 2024/07/18, 23:58:15.799, 2695811731004, datacollector.dll, BlameCollector.EventsTestCaseStart: Test Case Start
TpTrace Verbose: 0 : 18032, 9, 2024/07/18, 23:58:15.799, 2695811736620, datacollector.dll, MulticastDelegateUtilities.SafeInvoke: DataCollectionEvents.TestCaseStart: Invoking callback 1/1 for Microsoft.TestPlatform.Extensions.BlameDataCollector.BlameCollector., took 0 ms.
TpTrace Information: 0 : 18032, 9, 2024/07/18, 23:58:15.800, 2695811744837, datacollector.dll, DataCollectionTestCaseEventHandler: Test case 'HandleBasicAlert - 59eb7482-9e8f-e0aa-76e2-ee8400edebe1' started.
TpTrace Information: 0 : 18032, 9, 2024/07/18, 23:58:20.025, 2695853997651, datacollector.dll, DataCollectionTestCaseEventHandler: Test case completing.
TpTrace Information: 0 : 18032, 9, 2024/07/18, 23:58:20.036, 2695854103607, datacollector.dll, BlameCollector.EventsTestCaseEnd: Test Case End
TpTrace Verbose: 0 : 18032, 9, 2024/07/18, 23:58:20.037, 2695854109170, datacollector.dll, MulticastDelegateUtilities.SafeInvoke: DataCollectionEvents.TestCaseEnd: Invoking callback 1/1 for Microsoft.TestPlatform.Extensions.BlameDataCollector.BlameCollector., took 0 ms.
TpTrace Information: 0 : 18032, 9, 2024/07/18, 23:58:20.040, 2695854146387, datacollector.dll, DataCollectionTestCaseEventHandler: Test case 'HandleBasicAlert - 59eb7482-9e8f-e0aa-76e2-ee8400edebe1' completed
TpTrace Information: 0 : 18032, 9, 2024/07/18, 23:58:20.081, 2695854556359, datacollector.dll, DataCollectionTestCaseEventHandler: Test case starting.
TpTrace Information: 0 : 18032, 9, 2024/07/18, 23:58:20.084, 2695854578852, datacollector.dll, BlameCollector.EventsTestCaseStart: Test Case Start
TpTrace Verbose: 0 : 18032, 9, 2024/07/18, 23:58:20.084, 2695854581615, datacollector.dll, MulticastDelegateUtilities.SafeInvoke: DataCollectionEvents.TestCaseStart: Invoking callback 1/1 for Microsoft.TestPlatform.Extensions.BlameDataCollector.BlameCollector., took 0 ms.
TpTrace Information: 0 : 18032, 9, 2024/07/18, 23:58:20.084, 2695854585148, datacollector.dll, DataCollectionTestCaseEventHandler: Test case 'HandleConfirmAlert - fc8beb4f-cfba-1970-2bdf-7030f2a5bb4a' started.
TpTrace Information: 0 : 18032, 9, 2024/07/18, 23:58:24.532, 2695899058372, datacollector.dll, DataCollectionTestCaseEventHandler: Test case completing.
TpTrace Information: 0 : 18032, 9, 2024/07/18, 23:58:24.533, 2695899077859, datacollector.dll, BlameCollector.EventsTestCaseEnd: Test Case End
TpTrace Verbose: 0 : 18032, 9, 2024/07/18, 23:58:24.534, 2695899080211, datacollector.dll, MulticastDelegateUtilities.SafeInvoke: DataCollectionEvents.TestCaseEnd: Invoking callback 1/1 for Microsoft.TestPlatform.Extensions.BlameDataCollector.BlameCollector., took 0 ms.
TpTrace Information: 0 : 18032, 9, 2024/07/18, 23:58:24.534, 2695899085832, datacollector.dll, DataCollectionTestCaseEventHandler: Test case 'HandleConfirmAlert - fc8beb4f-cfba-1970-2bdf-7030f2a5bb4a' completed
TpTrace Information: 0 : 18032, 9, 2024/07/18, 23:58:24.538, 2695899127627, datacollector.dll, DataCollectionTestCaseEventHandler: Test case starting.
TpTrace Information: 0 : 18032, 9, 2024/07/18, 23:58:24.539, 2695899135661, datacollector.dll, BlameCollector.EventsTestCaseStart: Test Case Start
TpTrace Verbose: 0 : 18032, 9, 2024/07/18, 23:58:24.539, 2695899137685, datacollector.dll, MulticastDelegateUtilities.SafeInvoke: DataCollectionEvents.TestCaseStart: Invoking callback 1/1 for Microsoft.TestPlatform.Extensions.BlameDataCollector.BlameCollector., took 0 ms.
TpTrace Information: 0 : 18032, 9, 2024/07/18, 23:58:24.540, 2695899140451, datacollector.dll, DataCollectionTestCaseEventHandler: Test case 'HandlePromptAlert - 516c07b1-e4be-360d-558c-dce9efae7c0a' started.
TpTrace Information: 0 : 18032, 9, 2024/07/18, 23:58:28.929, 2695943033683, datacollector.dll, DataCollectionTestCaseEventHandler: Test case completing.
TpTrace Information: 0 : 18032, 9, 2024/07/18, 23:58:28.930, 2695943042258, datacollector.dll, BlameCollector.EventsTestCaseEnd: Test Case End
TpTrace Verbose: 0 : 18032, 9, 2024/07/18, 23:58:28.930, 2695943044274, datacollector.dll, MulticastDelegateUtilities.SafeInvoke: DataCollectionEvents.TestCaseEnd: Invoking callback 1/1 for Microsoft.TestPlatform.Extensions.BlameDataCollector.BlameCollector., took 0 ms.
TpTrace Information: 0 : 18032, 9, 2024/07/18, 23:58:28.930, 2695943047840, datacollector.dll, DataCollectionTestCaseEventHandler: Test case 'HandlePromptAlert - 516c07b1-e4be-360d-558c-dce9efae7c0a' completed
TpTrace Information: 0 : 18032, 9, 2024/07/18, 23:58:28.954, 2695943280077, datacollector.dll, DataCollectionTestCaseEventHandler: Test session ended
TpTrace Information: 0 : 18032, 1, 2024/07/18, 23:58:29.029, 2695944033278, datacollector.dll, DataCollectionRequestHandler.ProcessRequests: Datacollector received message: (DataCollection.AfterTestRunEnd) -> {"MessageType":"DataCollection.AfterTestRunEnd","Payload":false}
TpTrace Information: 0 : 18032, 1, 2024/07/18, 23:58:29.030, 2695944046781, datacollector.dll, Blame Collector: Session End
TpTrace Information: 0 : 18032, 1, 2024/07/18, 23:58:29.031, 2695944048211, datacollector.dll, BlameCollector.CollectDumpAndAbortTesthost: Custom path to dump directory was provided via VSTEST_DUMP_PATH. Skipping attachment upload, the caller is responsible for collecting and uploading the dumps themselves.
TpTrace Verbose: 0 : 18032, 1, 2024/07/18, 23:58:29.031, 2695944049444, datacollector.dll, MulticastDelegateUtilities.SafeInvoke: DataCollectionEvents.SessionEnd: Invoking callback 1/1 for Microsoft.TestPlatform.Extensions.BlameDataCollector.BlameCollector., took 0 ms.
TpTrace Information: 0 : 18032, 1, 2024/07/18, 23:58:29.031, 2695944056990, datacollector.dll, DataCollectionManager.CleanupPlugins: CleanupPlugins called
TpTrace Verbose: 0 : 18032, 1, 2024/07/18, 23:58:29.031, 2695944057743, datacollector.dll, DataCollectionManager.CleanupPlugins: Cleaning up 1 plugins
TpTrace Verbose: 0 : 18032, 1, 2024/07/18, 23:58:29.032, 2695944059022, datacollector.dll, dataCollectorInfo.DisposeDataCollector: calling Dispose() on Microsoft.TestPlatform.Extensions.BlameDataCollector.BlameCollector
TpTrace Information: 0 : 18032, 1, 2024/07/18, 23:58:29.032, 2695944060087, datacollector.dll, DataCollectionManager.CleanupPlugins: CleanupPlugins finished
TpTrace Information: 0 : 18032, 1, 2024/07/18, 23:58:29.038, 2695944118870, datacollector.dll, DataCollectionRequestHandler.ProcessRequests : Session End message received from server. Closing the connection.
TpTrace Information: 0 : 18032, 1, 2024/07/18, 23:58:29.038, 2695944122738, datacollector.dll, Closing the connection !
TpTrace Information: 0 : 18032, 1, 2024/07/18, 23:58:29.038, 2695944123553, datacollector.dll, DataCollectionRequestHandler.ProcessRequests : DataCollection completed
TpTrace Information: 0 : 18032, 1, 2024/07/18, 23:58:29.038, 2695944124122, datacollector.dll, Program.Main: exiting datacollector process.
