TpTrace Verbose: 0 : 13316, 1, 2024/07/18, 23:22:29.843, 2674466419866, datacollector.dll, Version: 17.10.0-release-24203-04
TpTrace Information: 0 : 13316, 1, 2024/07/18, 23:22:29.858, 2674466566223, datacollector.dll, DataCollectorMain.Run: Starting data collector run with args: --port,52702,--parentprocessid,5980,--diag,C:\Users\PC\source\repos\ExerciseSeleniumWaits\WorkingWithWindows\bin\Debug\net6.0\fine-code-coverage\coverage-tool-output\diagnostics.datacollector.24-07-18_23-22-29_61534_5.log,--tracelevel,4
TpTrace Information: 0 : 13316, 1, 2024/07/18, 23:22:29.859, 2674466573948, datacollector.dll, DataCollector: Monitoring parent process with id: '5980'
TpTrace Information: 0 : 13316, 1, 2024/07/18, 23:22:29.877, 2674466756717, datacollector.dll, Trying to connect to server on socket : 127.0.0.1:52702 
TpTrace Verbose: 0 : 13316, 1, 2024/07/18, 23:22:29.894, 2674466929265, datacollector.dll, SocketCommunicationManager : SetupClientAsync : Attempting to connect to the server.
TpTrace Information: 0 : 13316, 1, 2024/07/18, 23:22:29.904, 2674467027958, datacollector.dll, Connected to the server successfully 
TpTrace Information: 0 : 13316, 1, 2024/07/18, 23:22:29.904, 2674467029722, datacollector.dll, Using the buffer size of 16384 bytes
TpTrace Information: 0 : 13316, 1, 2024/07/18, 23:22:30.004, 2674468028853, datacollector.dll, DataCollector: Start Request Processing.
TpTrace Verbose: 0 : 13316, 1, 2024/07/18, 23:22:30.005, 2674468033004, datacollector.dll, SocketCommunicationManager.WaitForServerConnection took: 0 ms, with 90000 ms timeout, and finished with True.
TpTrace Information: 0 : 13316, 1, 2024/07/18, 23:22:30.005, 2674468039618, datacollector.dll, DataCollectionRequestHandler.ProcessRequests: Datacollector received message: (DataCollection.BeforeTestRunStart) -> {"MessageType":"DataCollection.BeforeTestRunStart","Payload":{"SettingsXml":"<RunSettings><RunConfiguration><ResultsDirectory>C:\\Users\\PC\\source\\repos\\ExerciseSeleniumWaits\\WorkingWithWindows\\bin\\Debug\\net6.0\\fine-code-coverage\\coverage-tool-output</ResultsDirectory><TargetPlatform>X64</TargetPlatform><TargetFrameworkVersion>.NETCoreApp,Version=v6.0</TargetFrameworkVersion><DesignMode>False</DesignMode><CollectSourceInformation>False</CollectSourceInformation><TestAdaptersPaths>C:\\Program Files\\dotnet\\sdk\\8.0.300\\Extensions</TestAdaptersPaths></RunConfiguration><LoggerRunSettings><Loggers><Logger friendlyName=\"blame\" enabled=\"True\" /><Logger friendlyName=\"Console\" uri=\"logger://microsoft/TestPlatform/ConsoleLogger/v1\" assemblyQualifiedName=\"Microsoft.VisualStudio.TestPlatform.CommandLine.Internal.ConsoleLogger, vstest.console, Version=15.0.0.0, Culture=neutral, PublicKeyToken=b03f5f7f11d50a3a\" codeBase=\"C:\\Program Files\\dotnet\\sdk\\8.0.300\\vstest.console.dll\" enabled=\"True\" /></Loggers></LoggerRunSettings><DataCollectionRunSettings><DataCollectors><DataCollector friendlyName=\"blame\" enabled=\"True\"><Configuration><ResultsDirectory>C:\\Users\\PC\\source\\repos\\ExerciseSeleniumWaits\\WorkingWithWindows\\bin\\Debug\\net6.0\\fine-code-coverage\\coverage-tool-output</ResultsDirectory></Configuration></DataCollector></DataCollectors></DataCollectionRunSettings></RunSettings>","Sources":["C:\\Users\\PC\\source\\repos\\ExerciseSeleniumWaits\\WorkingWithWindows\\bin\\Debug\\net6.0\\fine-code-coverage\\build-output\\WorkingWithWindows.dll"],"IsTelemetryOptedIn":false}}
TpTrace Verbose: 0 : 13316, 1, 2024/07/18, 23:22:30.077, 2674468756173, datacollector.dll, TestPluginCache: Update extensions started. Skip filter = False
TpTrace Verbose: 0 : 13316, 1, 2024/07/18, 23:22:30.078, 2674468768561, datacollector.dll, TestPluginCache: Using directories for assembly resolution 'C:\Program Files\dotnet\sdk\8.0.300\Extensions'.
TpTrace Verbose: 0 : 13316, 1, 2024/07/18, 23:22:30.078, 2674468769801, datacollector.dll, TestPluginCache: Updated the available extensions to 'C:\Program Files\dotnet\sdk\8.0.300\Extensions\Microsoft.TestPlatform.Extensions.BlameDataCollector.dll,C:\Program Files\dotnet\sdk\8.0.300\Extensions\Microsoft.TestPlatform.Extensions.EventLogCollector.dll'.
TpTrace Verbose: 0 : 13316, 1, 2024/07/18, 23:22:30.085, 2674468833015, datacollector.dll, TestPluginCache.DiscoverTestExtensions: finding test extensions in assemblies ends with: Collector.dll TPluginInfo: Microsoft.VisualStudio.TestPlatform.Common.DataCollector.DataCollectorConfig TExtension: Microsoft.VisualStudio.TestPlatform.ObjectModel.DataCollection.DataCollector
TpTrace Verbose: 0 : 13316, 1, 2024/07/18, 23:22:30.087, 2674468854102, datacollector.dll, TestPluginCache.GetExtensionPaths: Filtered extension paths: C:\Program Files\dotnet\sdk\8.0.300\Extensions\Microsoft.TestPlatform.Extensions.BlameDataCollector.dll
C:\Program Files\dotnet\sdk\8.0.300\Extensions\Microsoft.TestPlatform.Extensions.EventLogCollector.dll
TpTrace Verbose: 0 : 13316, 1, 2024/07/18, 23:22:30.087, 2674468855945, datacollector.dll, TestPluginCache.GetExtensionPaths: Added default extension paths: 
TpTrace Verbose: 0 : 13316, 1, 2024/07/18, 23:22:30.087, 2674468857134, datacollector.dll, TestPluginCache.GetExtensionPaths: Added unfilterableExtensionPaths: 
TpTrace Information: 0 : 13316, 1, 2024/07/18, 23:22:30.088, 2674468867995, datacollector.dll, AssemblyResolver.ctor: Creating AssemblyResolver with searchDirectories C:\Program Files\dotnet\sdk\8.0.300\Extensions,C:\Program Files\dotnet\sdk\8.0.300
TpTrace Verbose: 0 : 13316, 1, 2024/07/18, 23:22:30.090, 2674468889460, datacollector.dll, TestPluginCache.DiscoverTestExtensions: Discovering the extensions using extension path.
TpTrace Verbose: 0 : 13316, 1, 2024/07/18, 23:22:30.090, 2674468892520, datacollector.dll, TestPluginCache.GetExtensionPaths: Filtered extension paths: C:\Program Files\dotnet\sdk\8.0.300\Extensions\Microsoft.TestPlatform.Extensions.BlameDataCollector.dll
C:\Program Files\dotnet\sdk\8.0.300\Extensions\Microsoft.TestPlatform.Extensions.EventLogCollector.dll
TpTrace Verbose: 0 : 13316, 1, 2024/07/18, 23:22:30.091, 2674468893270, datacollector.dll, TestPluginCache.GetExtensionPaths: Added default extension paths: 
TpTrace Verbose: 0 : 13316, 1, 2024/07/18, 23:22:30.091, 2674468893843, datacollector.dll, TestPluginCache.GetExtensionPaths: Added unfilterableExtensionPaths: 
TpTrace Verbose: 0 : 13316, 1, 2024/07/18, 23:22:30.091, 2674468894752, datacollector.dll, TestPluginCache.DiscoverTestExtensions: Discovering the extensions using allExtensionPaths: C:\Program Files\dotnet\sdk\8.0.300\Extensions\Microsoft.TestPlatform.Extensions.BlameDataCollector.dll
C:\Program Files\dotnet\sdk\8.0.300\Extensions\Microsoft.TestPlatform.Extensions.EventLogCollector.dll
TpTrace Information: 0 : 13316, 1, 2024/07/18, 23:22:30.091, 2674468896555, datacollector.dll, AssemblyResolver.AddSearchDirectories: Adding more searchDirectories C:\Program Files\dotnet\sdk\8.0.300\Extensions,C:\Program Files\dotnet\sdk\8.0.300
TpTrace Information: 0 : 13316, 1, 2024/07/18, 23:22:30.091, 2674468897702, datacollector.dll, AssemblyResolver.AddSearchDirectories: Adding more searchDirectories C:\Program Files\dotnet\sdk\8.0.300\Extensions,C:\Program Files\dotnet\sdk\8.0.300
TpTrace Information: 0 : 13316, 1, 2024/07/18, 23:22:30.092, 2674468903848, datacollector.dll, AssemblyResolver.OnResolve: Microsoft.TestPlatform.Extensions.BlameDataCollector: Resolving assembly.
TpTrace Information: 0 : 13316, 1, 2024/07/18, 23:22:30.092, 2674468904944, datacollector.dll, AssemblyResolver.OnResolve: Microsoft.TestPlatform.Extensions.BlameDataCollector: Searching in: 'C:\Program Files\dotnet\sdk\8.0.300\Extensions'.
TpTrace Information: 0 : 13316, 1, 2024/07/18, 23:22:30.105, 2674469035371, datacollector.dll, AssemblyResolver.OnResolve: Microsoft.TestPlatform.Extensions.BlameDataCollector: Loading assembly 'C:\Program Files\dotnet\sdk\8.0.300\Extensions\Microsoft.TestPlatform.Extensions.BlameDataCollector.dll'.
TpTrace Information: 0 : 13316, 1, 2024/07/18, 23:22:30.106, 2674469049511, datacollector.dll, AssemblyResolver.OnResolve: Resolved assembly: Microsoft.TestPlatform.Extensions.BlameDataCollector, from path: C:\Program Files\dotnet\sdk\8.0.300\Extensions\Microsoft.TestPlatform.Extensions.BlameDataCollector.dll
TpTrace Verbose: 0 : 13316, 1, 2024/07/18, 23:22:30.113, 2674469117427, datacollector.dll, MetadataReaderExtensionsHelper: Discovering extensions inside assembly 'Microsoft.TestPlatform.Extensions.BlameDataCollector, Version=15.0.0.0, Culture=neutral, PublicKeyToken=b03f5f7f11d50a3a' file path 'C:\Program Files\dotnet\sdk\8.0.300\Extensions\Microsoft.TestPlatform.Extensions.BlameDataCollector.dll'
TpTrace Error: 0 : 13316, 1, 2024/07/18, 23:22:30.117, 2674469157148, datacollector.dll, The type "Microsoft.TestPlatform.Extensions.BlameDataCollector.BlameCollector" defined in "Microsoft.TestPlatform.Extensions.BlameDataCollector.dll" does not have ExtensionUri attribute.
TpTrace Information: 0 : 13316, 1, 2024/07/18, 23:22:30.121, 2674469199070, datacollector.dll, GetTestExtensionFromType: Register extension with identifier data 'datacollector://microsoft/TestPlatform/Extensions/Blame/v1' and type 'Microsoft.TestPlatform.Extensions.BlameDataCollector.BlameCollector, Microsoft.TestPlatform.Extensions.BlameDataCollector, Version=15.0.0.0, Culture=neutral, PublicKeyToken=b03f5f7f11d50a3a' inside file 'C:\Program Files\dotnet\sdk\8.0.300\Extensions\Microsoft.TestPlatform.Extensions.BlameDataCollector.dll'
TpTrace Information: 0 : 13316, 1, 2024/07/18, 23:22:30.121, 2674469201465, datacollector.dll, AssemblyResolver.OnResolve: Microsoft.TestPlatform.Extensions.EventLogCollector: Resolving assembly.
TpTrace Information: 0 : 13316, 1, 2024/07/18, 23:22:30.121, 2674469202271, datacollector.dll, AssemblyResolver.OnResolve: Microsoft.TestPlatform.Extensions.EventLogCollector: Searching in: 'C:\Program Files\dotnet\sdk\8.0.300\Extensions'.
TpTrace Information: 0 : 13316, 1, 2024/07/18, 23:22:30.122, 2674469211534, datacollector.dll, AssemblyResolver.OnResolve: Microsoft.TestPlatform.Extensions.EventLogCollector: Loading assembly 'C:\Program Files\dotnet\sdk\8.0.300\Extensions\Microsoft.TestPlatform.Extensions.EventLogCollector.dll'.
TpTrace Information: 0 : 13316, 1, 2024/07/18, 23:22:30.123, 2674469219809, datacollector.dll, AssemblyResolver.OnResolve: Resolved assembly: Microsoft.TestPlatform.Extensions.EventLogCollector, from path: C:\Program Files\dotnet\sdk\8.0.300\Extensions\Microsoft.TestPlatform.Extensions.EventLogCollector.dll
TpTrace Verbose: 0 : 13316, 1, 2024/07/18, 23:22:30.123, 2674469221323, datacollector.dll, MetadataReaderExtensionsHelper: Discovering extensions inside assembly 'Microsoft.TestPlatform.Extensions.EventLogCollector, Version=15.0.0.0, Culture=neutral, PublicKeyToken=b03f5f7f11d50a3a' file path 'C:\Program Files\dotnet\sdk\8.0.300\Extensions\Microsoft.TestPlatform.Extensions.EventLogCollector.dll'
TpTrace Error: 0 : 13316, 1, 2024/07/18, 23:22:30.127, 2674469261441, datacollector.dll, The type "Microsoft.TestPlatform.Extensions.EventLogCollector.EventLogDataCollector" defined in "Microsoft.TestPlatform.Extensions.EventLogCollector.dll" does not have ExtensionUri attribute.
TpTrace Information: 0 : 13316, 1, 2024/07/18, 23:22:30.128, 2674469264796, datacollector.dll, GetTestExtensionFromType: Register extension with identifier data 'datacollector://microsoft/EventLog/2.0' and type 'Microsoft.TestPlatform.Extensions.EventLogCollector.EventLogDataCollector, Microsoft.TestPlatform.Extensions.EventLogCollector, Version=15.0.0.0, Culture=neutral, PublicKeyToken=b03f5f7f11d50a3a' inside file 'C:\Program Files\dotnet\sdk\8.0.300\Extensions\Microsoft.TestPlatform.Extensions.EventLogCollector.dll'
TpTrace Verbose: 0 : 13316, 1, 2024/07/18, 23:22:30.128, 2674469268494, datacollector.dll, TestPluginCache: Discovered the extensions using extension path 'C:\Program Files\dotnet\sdk\8.0.300\Extensions\Microsoft.TestPlatform.Extensions.BlameDataCollector.dll,C:\Program Files\dotnet\sdk\8.0.300\Extensions\Microsoft.TestPlatform.Extensions.EventLogCollector.dll'.
TpTrace Verbose: 0 : 13316, 1, 2024/07/18, 23:22:30.128, 2674469269410, datacollector.dll, TestPluginCache: Discoverers are ''.
TpTrace Verbose: 0 : 13316, 1, 2024/07/18, 23:22:30.128, 2674469270028, datacollector.dll, TestPluginCache: Executors are ''.
TpTrace Verbose: 0 : 13316, 1, 2024/07/18, 23:22:30.128, 2674469270770, datacollector.dll, TestPluginCache: Executors2 are ''.
TpTrace Verbose: 0 : 13316, 1, 2024/07/18, 23:22:30.128, 2674469271398, datacollector.dll, TestPluginCache: Setting providers are ''.
TpTrace Verbose: 0 : 13316, 1, 2024/07/18, 23:22:30.128, 2674469271970, datacollector.dll, TestPluginCache: Loggers are ''.
TpTrace Verbose: 0 : 13316, 1, 2024/07/18, 23:22:30.128, 2674469272525, datacollector.dll, TestPluginCache: TestHosts are ''.
TpTrace Verbose: 0 : 13316, 1, 2024/07/18, 23:22:30.129, 2674469275309, datacollector.dll, TestPluginCache: DataCollectors are 'datacollector://microsoft/TestPlatform/Extensions/Blame/v1,datacollector://microsoft/EventLog/2.0'.
TpTrace Information: 0 : 13316, 1, 2024/07/18, 23:22:30.131, 2674469298264, datacollector.dll, TestPluginManager.CreateTestExtension: Attempting to load test extension: Microsoft.TestPlatform.Extensions.BlameDataCollector.BlameCollector
TpTrace Information: 0 : 13316, 1, 2024/07/18, 23:22:30.138, 2674469364311, datacollector.dll, [MonitorPostmortemDump]Monitor enabled: 'False'
TpTrace Verbose: 0 : 13316, 1, 2024/07/18, 23:22:30.139, 2674469375236, datacollector.dll, MulticastDelegateUtilities.SafeInvoke: DataCollectionEvents.SessionStart: Invoking callbacks was skipped because there are no subscribers.
TpTrace Information: 0 : 13316, 1, 2024/07/18, 23:22:30.140, 2674469389483, datacollector.dll, Listening on Endpoint : 127.0.0.1:52704
TpTrace Information: 0 : 13316, 1, 2024/07/18, 23:22:30.152, 2674469511981, datacollector.dll, DataCollectionRequestHandler.ProcessRequests : DataCollection started.
TpTrace Information: 0 : 13316, 1, 2024/07/18, 23:22:30.178, 2674469765291, datacollector.dll, DataCollectionRequestHandler.ProcessRequests: Datacollector received message: (DataCollection.TestHostLaunched) -> {"MessageType":"DataCollection.TestHostLaunched","Payload":{"ProcessId":14008}}
TpTrace Verbose: 0 : 13316, 1, 2024/07/18, 23:22:30.181, 2674469801741, datacollector.dll, MulticastDelegateUtilities.SafeInvoke: DataCollectionEvents.TestHostLaunched: Invoking callback 1/1 for Microsoft.TestPlatform.Extensions.BlameDataCollector.BlameCollector., took 0 ms.
TpTrace Verbose: 0 : 13316, 6, 2024/07/18, 23:22:30.447, 2674472460660, datacollector.dll, SocketCommunicationManager.WaitForClientConnection took: 301 ms, with 90000 ms timeout, and finished with True.
TpTrace Information: 0 : 13316, 8, 2024/07/18, 23:22:30.447, 2674472460609, datacollector.dll, Using the buffer size of 16384 bytes
TpTrace Information: 0 : 13316, 8, 2024/07/18, 23:22:30.448, 2674472465487, datacollector.dll, Accepted Client request and set the flag
TpTrace Information: 0 : 13316, 6, 2024/07/18, 23:22:31.371, 2674481698209, datacollector.dll, DataCollectionTestCaseEventHandler: Test case starting.
TpTrace Information: 0 : 13316, 6, 2024/07/18, 23:22:31.394, 2674481928702, datacollector.dll, BlameCollector.EventsTestCaseStart: Test Case Start
TpTrace Verbose: 0 : 13316, 6, 2024/07/18, 23:22:31.395, 2674481934691, datacollector.dll, MulticastDelegateUtilities.SafeInvoke: DataCollectionEvents.TestCaseStart: Invoking callback 1/1 for Microsoft.TestPlatform.Extensions.BlameDataCollector.BlameCollector., took 0 ms.
TpTrace Information: 0 : 13316, 6, 2024/07/18, 23:22:31.395, 2674481940444, datacollector.dll, DataCollectionTestCaseEventHandler: Test case 'HandleMultipleWindows - af0edd8e-f308-b2f8-b891-953badf77092' started.
TpTrace Information: 0 : 13316, 6, 2024/07/18, 23:22:36.791, 2674535898768, datacollector.dll, DataCollectionTestCaseEventHandler: Test case completing.
TpTrace Information: 0 : 13316, 6, 2024/07/18, 23:22:36.803, 2674536015356, datacollector.dll, BlameCollector.EventsTestCaseEnd: Test Case End
TpTrace Verbose: 0 : 13316, 6, 2024/07/18, 23:22:36.804, 2674536024976, datacollector.dll, MulticastDelegateUtilities.SafeInvoke: DataCollectionEvents.TestCaseEnd: Invoking callback 1/1 for Microsoft.TestPlatform.Extensions.BlameDataCollector.BlameCollector., took 1 ms.
TpTrace Information: 0 : 13316, 6, 2024/07/18, 23:22:36.810, 2674536087519, datacollector.dll, DataCollectionTestCaseEventHandler: Test case 'HandleMultipleWindows - af0edd8e-f308-b2f8-b891-953badf77092' completed
TpTrace Information: 0 : 13316, 6, 2024/07/18, 23:22:36.846, 2674536446701, datacollector.dll, DataCollectionTestCaseEventHandler: Test case starting.
TpTrace Information: 0 : 13316, 6, 2024/07/18, 23:22:36.848, 2674536466666, datacollector.dll, BlameCollector.EventsTestCaseStart: Test Case Start
TpTrace Verbose: 0 : 13316, 6, 2024/07/18, 23:22:36.848, 2674536469388, datacollector.dll, MulticastDelegateUtilities.SafeInvoke: DataCollectionEvents.TestCaseStart: Invoking callback 1/1 for Microsoft.TestPlatform.Extensions.BlameDataCollector.BlameCollector., took 0 ms.
TpTrace Information: 0 : 13316, 6, 2024/07/18, 23:22:36.849, 2674536473063, datacollector.dll, DataCollectionTestCaseEventHandler: Test case 'NoSuchWindowException - 541eb138-df94-8957-05d8-22e501109e4b' started.
TpTrace Information: 0 : 13316, 6, 2024/07/18, 23:22:41.542, 2674583405735, datacollector.dll, DataCollectionTestCaseEventHandler: Test case completing.
TpTrace Information: 0 : 13316, 6, 2024/07/18, 23:22:41.543, 2674583421938, datacollector.dll, BlameCollector.EventsTestCaseEnd: Test Case End
TpTrace Verbose: 0 : 13316, 6, 2024/07/18, 23:22:41.544, 2674583424646, datacollector.dll, MulticastDelegateUtilities.SafeInvoke: DataCollectionEvents.TestCaseEnd: Invoking callback 1/1 for Microsoft.TestPlatform.Extensions.BlameDataCollector.BlameCollector., took 0 ms.
TpTrace Information: 0 : 13316, 6, 2024/07/18, 23:22:41.544, 2674583429117, datacollector.dll, DataCollectionTestCaseEventHandler: Test case 'NoSuchWindowException - 541eb138-df94-8957-05d8-22e501109e4b' completed
TpTrace Information: 0 : 13316, 6, 2024/07/18, 23:22:41.561, 2674583597777, datacollector.dll, DataCollectionTestCaseEventHandler: Test session ended
TpTrace Information: 0 : 13316, 1, 2024/07/18, 23:22:41.662, 2674584608636, datacollector.dll, DataCollectionRequestHandler.ProcessRequests: Datacollector received message: (DataCollection.AfterTestRunEnd) -> {"MessageType":"DataCollection.AfterTestRunEnd","Payload":false}
TpTrace Information: 0 : 13316, 1, 2024/07/18, 23:22:41.663, 2674584621205, datacollector.dll, Blame Collector: Session End
TpTrace Information: 0 : 13316, 1, 2024/07/18, 23:22:41.663, 2674584622412, datacollector.dll, BlameCollector.CollectDumpAndAbortTesthost: Custom path to dump directory was provided via VSTEST_DUMP_PATH. Skipping attachment upload, the caller is responsible for collecting and uploading the dumps themselves.
TpTrace Verbose: 0 : 13316, 1, 2024/07/18, 23:22:41.664, 2674584623800, datacollector.dll, MulticastDelegateUtilities.SafeInvoke: DataCollectionEvents.SessionEnd: Invoking callback 1/1 for Microsoft.TestPlatform.Extensions.BlameDataCollector.BlameCollector., took 0 ms.
TpTrace Information: 0 : 13316, 1, 2024/07/18, 23:22:41.664, 2674584632622, datacollector.dll, DataCollectionManager.CleanupPlugins: CleanupPlugins called
TpTrace Verbose: 0 : 13316, 1, 2024/07/18, 23:22:41.665, 2674584633551, datacollector.dll, DataCollectionManager.CleanupPlugins: Cleaning up 1 plugins
TpTrace Verbose: 0 : 13316, 1, 2024/07/18, 23:22:41.665, 2674584634985, datacollector.dll, dataCollectorInfo.DisposeDataCollector: calling Dispose() on Microsoft.TestPlatform.Extensions.BlameDataCollector.BlameCollector
TpTrace Information: 0 : 13316, 1, 2024/07/18, 23:22:41.665, 2674584636119, datacollector.dll, DataCollectionManager.CleanupPlugins: CleanupPlugins finished
TpTrace Information: 0 : 13316, 1, 2024/07/18, 23:22:41.671, 2674584695794, datacollector.dll, DataCollectionRequestHandler.ProcessRequests : Session End message received from server. Closing the connection.
TpTrace Information: 0 : 13316, 1, 2024/07/18, 23:22:41.672, 2674584703029, datacollector.dll, Closing the connection !
TpTrace Information: 0 : 13316, 1, 2024/07/18, 23:22:41.672, 2674584704494, datacollector.dll, DataCollectionRequestHandler.ProcessRequests : DataCollection completed
TpTrace Information: 0 : 13316, 1, 2024/07/18, 23:22:41.672, 2674584706182, datacollector.dll, Program.Main: exiting datacollector process.
