TpTrace Verbose: 0 : 15428, 1, 2024/07/19, 00:13:45.248, 2705106223835, datacollector.dll, Version: 17.10.0-release-24203-04
TpTrace Information: 0 : 15428, 1, 2024/07/19, 00:13:45.260, 2705106346022, datacollector.dll, DataCollectorMain.Run: Starting data collector run with args: --port,54476,--parentprocessid,10952,--diag,C:\Users\PC\source\repos\ExerciseSeleniumWaits\WorkingWithiFrames\bin\Debug\net6.0\fine-code-coverage\coverage-tool-output\diagnostics.datacollector.24-07-19_00-13-44_96305_5.log,--tracelevel,4
TpTrace Information: 0 : 15428, 1, 2024/07/19, 00:13:45.261, 2705106352207, datacollector.dll, DataCollector: Monitoring parent process with id: '10952'
TpTrace Information: 0 : 15428, 1, 2024/07/19, 00:13:45.280, 2705106540314, datacollector.dll, Trying to connect to server on socket : 127.0.0.1:54476 
TpTrace Verbose: 0 : 15428, 1, 2024/07/19, 00:13:45.304, 2705106781580, datacollector.dll, SocketCommunicationManager : SetupClientAsync : Attempting to connect to the server.
TpTrace Information: 0 : 15428, 6, 2024/07/19, 00:13:45.322, 2705106967228, datacollector.dll, Connected to the server successfully 
TpTrace Information: 0 : 15428, 6, 2024/07/19, 00:13:45.323, 2705106968819, datacollector.dll, Using the buffer size of 16384 bytes
TpTrace Information: 0 : 15428, 1, 2024/07/19, 00:13:45.446, 2705108203267, datacollector.dll, DataCollector: Start Request Processing.
TpTrace Verbose: 0 : 15428, 1, 2024/07/19, 00:13:45.447, 2705108208260, datacollector.dll, SocketCommunicationManager.WaitForServerConnection took: 0 ms, with 90000 ms timeout, and finished with True.
TpTrace Information: 0 : 15428, 1, 2024/07/19, 00:13:45.447, 2705108216552, datacollector.dll, DataCollectionRequestHandler.ProcessRequests: Datacollector received message: (DataCollection.BeforeTestRunStart) -> {"MessageType":"DataCollection.BeforeTestRunStart","Payload":{"SettingsXml":"<RunSettings><RunConfiguration><ResultsDirectory>C:\\Users\\PC\\source\\repos\\ExerciseSeleniumWaits\\WorkingWithiFrames\\bin\\Debug\\net6.0\\fine-code-coverage\\coverage-tool-output</ResultsDirectory><TargetPlatform>X64</TargetPlatform><TargetFrameworkVersion>.NETCoreApp,Version=v6.0</TargetFrameworkVersion><DesignMode>False</DesignMode><CollectSourceInformation>False</CollectSourceInformation><TestAdaptersPaths>C:\\Program Files\\dotnet\\sdk\\8.0.300\\Extensions</TestAdaptersPaths></RunConfiguration><LoggerRunSettings><Loggers><Logger friendlyName=\"blame\" enabled=\"True\" /><Logger friendlyName=\"Console\" uri=\"logger://microsoft/TestPlatform/ConsoleLogger/v1\" assemblyQualifiedName=\"Microsoft.VisualStudio.TestPlatform.CommandLine.Internal.ConsoleLogger, vstest.console, Version=15.0.0.0, Culture=neutral, PublicKeyToken=b03f5f7f11d50a3a\" codeBase=\"C:\\Program Files\\dotnet\\sdk\\8.0.300\\vstest.console.dll\" enabled=\"True\" /></Loggers></LoggerRunSettings><DataCollectionRunSettings><DataCollectors><DataCollector friendlyName=\"blame\" enabled=\"True\"><Configuration><ResultsDirectory>C:\\Users\\PC\\source\\repos\\ExerciseSeleniumWaits\\WorkingWithiFrames\\bin\\Debug\\net6.0\\fine-code-coverage\\coverage-tool-output</ResultsDirectory></Configuration></DataCollector></DataCollectors></DataCollectionRunSettings></RunSettings>","Sources":["C:\\Users\\PC\\source\\repos\\ExerciseSeleniumWaits\\WorkingWithiFrames\\bin\\Debug\\net6.0\\fine-code-coverage\\build-output\\WorkingWithiFrames.dll"],"IsTelemetryOptedIn":false}}
TpTrace Verbose: 0 : 15428, 1, 2024/07/19, 00:13:45.522, 2705108963220, datacollector.dll, TestPluginCache: Update extensions started. Skip filter = False
TpTrace Verbose: 0 : 15428, 1, 2024/07/19, 00:13:45.523, 2705108974263, datacollector.dll, TestPluginCache: Using directories for assembly resolution 'C:\Program Files\dotnet\sdk\8.0.300\Extensions'.
TpTrace Verbose: 0 : 15428, 1, 2024/07/19, 00:13:45.523, 2705108975952, datacollector.dll, TestPluginCache: Updated the available extensions to 'C:\Program Files\dotnet\sdk\8.0.300\Extensions\Microsoft.TestPlatform.Extensions.BlameDataCollector.dll,C:\Program Files\dotnet\sdk\8.0.300\Extensions\Microsoft.TestPlatform.Extensions.EventLogCollector.dll'.
TpTrace Verbose: 0 : 15428, 1, 2024/07/19, 00:13:45.531, 2705109052390, datacollector.dll, TestPluginCache.DiscoverTestExtensions: finding test extensions in assemblies ends with: Collector.dll TPluginInfo: Microsoft.VisualStudio.TestPlatform.Common.DataCollector.DataCollectorConfig TExtension: Microsoft.VisualStudio.TestPlatform.ObjectModel.DataCollection.DataCollector
TpTrace Verbose: 0 : 15428, 1, 2024/07/19, 00:13:45.533, 2705109075472, datacollector.dll, TestPluginCache.GetExtensionPaths: Filtered extension paths: C:\Program Files\dotnet\sdk\8.0.300\Extensions\Microsoft.TestPlatform.Extensions.BlameDataCollector.dll
C:\Program Files\dotnet\sdk\8.0.300\Extensions\Microsoft.TestPlatform.Extensions.EventLogCollector.dll
TpTrace Verbose: 0 : 15428, 1, 2024/07/19, 00:13:45.533, 2705109078052, datacollector.dll, TestPluginCache.GetExtensionPaths: Added default extension paths: 
TpTrace Verbose: 0 : 15428, 1, 2024/07/19, 00:13:45.534, 2705109079383, datacollector.dll, TestPluginCache.GetExtensionPaths: Added unfilterableExtensionPaths: 
TpTrace Information: 0 : 15428, 1, 2024/07/19, 00:13:45.535, 2705109092515, datacollector.dll, AssemblyResolver.ctor: Creating AssemblyResolver with searchDirectories C:\Program Files\dotnet\sdk\8.0.300\Extensions,C:\Program Files\dotnet\sdk\8.0.300
TpTrace Verbose: 0 : 15428, 1, 2024/07/19, 00:13:45.537, 2705109112015, datacollector.dll, TestPluginCache.DiscoverTestExtensions: Discovering the extensions using extension path.
TpTrace Verbose: 0 : 15428, 1, 2024/07/19, 00:13:45.537, 2705109116036, datacollector.dll, TestPluginCache.GetExtensionPaths: Filtered extension paths: C:\Program Files\dotnet\sdk\8.0.300\Extensions\Microsoft.TestPlatform.Extensions.BlameDataCollector.dll
C:\Program Files\dotnet\sdk\8.0.300\Extensions\Microsoft.TestPlatform.Extensions.EventLogCollector.dll
TpTrace Verbose: 0 : 15428, 1, 2024/07/19, 00:13:45.537, 2705109116939, datacollector.dll, TestPluginCache.GetExtensionPaths: Added default extension paths: 
TpTrace Verbose: 0 : 15428, 1, 2024/07/19, 00:13:45.537, 2705109117658, datacollector.dll, TestPluginCache.GetExtensionPaths: Added unfilterableExtensionPaths: 
TpTrace Verbose: 0 : 15428, 1, 2024/07/19, 00:13:45.538, 2705109118681, datacollector.dll, TestPluginCache.DiscoverTestExtensions: Discovering the extensions using allExtensionPaths: C:\Program Files\dotnet\sdk\8.0.300\Extensions\Microsoft.TestPlatform.Extensions.BlameDataCollector.dll
C:\Program Files\dotnet\sdk\8.0.300\Extensions\Microsoft.TestPlatform.Extensions.EventLogCollector.dll
TpTrace Information: 0 : 15428, 1, 2024/07/19, 00:13:45.538, 2705109121113, datacollector.dll, AssemblyResolver.AddSearchDirectories: Adding more searchDirectories C:\Program Files\dotnet\sdk\8.0.300\Extensions,C:\Program Files\dotnet\sdk\8.0.300
TpTrace Information: 0 : 15428, 1, 2024/07/19, 00:13:45.538, 2705109122368, datacollector.dll, AssemblyResolver.AddSearchDirectories: Adding more searchDirectories C:\Program Files\dotnet\sdk\8.0.300\Extensions,C:\Program Files\dotnet\sdk\8.0.300
TpTrace Information: 0 : 15428, 1, 2024/07/19, 00:13:45.539, 2705109129250, datacollector.dll, AssemblyResolver.OnResolve: Microsoft.TestPlatform.Extensions.BlameDataCollector: Resolving assembly.
TpTrace Information: 0 : 15428, 1, 2024/07/19, 00:13:45.539, 2705109130600, datacollector.dll, AssemblyResolver.OnResolve: Microsoft.TestPlatform.Extensions.BlameDataCollector: Searching in: 'C:\Program Files\dotnet\sdk\8.0.300\Extensions'.
TpTrace Information: 0 : 15428, 1, 2024/07/19, 00:13:45.553, 2705109271509, datacollector.dll, AssemblyResolver.OnResolve: Microsoft.TestPlatform.Extensions.BlameDataCollector: Loading assembly 'C:\Program Files\dotnet\sdk\8.0.300\Extensions\Microsoft.TestPlatform.Extensions.BlameDataCollector.dll'.
TpTrace Information: 0 : 15428, 1, 2024/07/19, 00:13:45.554, 2705109284426, datacollector.dll, AssemblyResolver.OnResolve: Resolved assembly: Microsoft.TestPlatform.Extensions.BlameDataCollector, from path: C:\Program Files\dotnet\sdk\8.0.300\Extensions\Microsoft.TestPlatform.Extensions.BlameDataCollector.dll
TpTrace Verbose: 0 : 15428, 1, 2024/07/19, 00:13:45.563, 2705109373425, datacollector.dll, MetadataReaderExtensionsHelper: Discovering extensions inside assembly 'Microsoft.TestPlatform.Extensions.BlameDataCollector, Version=15.0.0.0, Culture=neutral, PublicKeyToken=b03f5f7f11d50a3a' file path 'C:\Program Files\dotnet\sdk\8.0.300\Extensions\Microsoft.TestPlatform.Extensions.BlameDataCollector.dll'
TpTrace Error: 0 : 15428, 1, 2024/07/19, 00:13:45.569, 2705109428754, datacollector.dll, The type "Microsoft.TestPlatform.Extensions.BlameDataCollector.BlameCollector" defined in "Microsoft.TestPlatform.Extensions.BlameDataCollector.dll" does not have ExtensionUri attribute.
TpTrace Information: 0 : 15428, 1, 2024/07/19, 00:13:45.574, 2705109488010, datacollector.dll, GetTestExtensionFromType: Register extension with identifier data 'datacollector://microsoft/TestPlatform/Extensions/Blame/v1' and type 'Microsoft.TestPlatform.Extensions.BlameDataCollector.BlameCollector, Microsoft.TestPlatform.Extensions.BlameDataCollector, Version=15.0.0.0, Culture=neutral, PublicKeyToken=b03f5f7f11d50a3a' inside file 'C:\Program Files\dotnet\sdk\8.0.300\Extensions\Microsoft.TestPlatform.Extensions.BlameDataCollector.dll'
TpTrace Information: 0 : 15428, 1, 2024/07/19, 00:13:45.575, 2705109491116, datacollector.dll, AssemblyResolver.OnResolve: Microsoft.TestPlatform.Extensions.EventLogCollector: Resolving assembly.
TpTrace Information: 0 : 15428, 1, 2024/07/19, 00:13:45.575, 2705109492545, datacollector.dll, AssemblyResolver.OnResolve: Microsoft.TestPlatform.Extensions.EventLogCollector: Searching in: 'C:\Program Files\dotnet\sdk\8.0.300\Extensions'.
TpTrace Information: 0 : 15428, 1, 2024/07/19, 00:13:45.576, 2705109504918, datacollector.dll, AssemblyResolver.OnResolve: Microsoft.TestPlatform.Extensions.EventLogCollector: Loading assembly 'C:\Program Files\dotnet\sdk\8.0.300\Extensions\Microsoft.TestPlatform.Extensions.EventLogCollector.dll'.
TpTrace Information: 0 : 15428, 1, 2024/07/19, 00:13:45.577, 2705109517865, datacollector.dll, AssemblyResolver.OnResolve: Resolved assembly: Microsoft.TestPlatform.Extensions.EventLogCollector, from path: C:\Program Files\dotnet\sdk\8.0.300\Extensions\Microsoft.TestPlatform.Extensions.EventLogCollector.dll
TpTrace Verbose: 0 : 15428, 1, 2024/07/19, 00:13:45.578, 2705109520259, datacollector.dll, MetadataReaderExtensionsHelper: Discovering extensions inside assembly 'Microsoft.TestPlatform.Extensions.EventLogCollector, Version=15.0.0.0, Culture=neutral, PublicKeyToken=b03f5f7f11d50a3a' file path 'C:\Program Files\dotnet\sdk\8.0.300\Extensions\Microsoft.TestPlatform.Extensions.EventLogCollector.dll'
TpTrace Error: 0 : 15428, 1, 2024/07/19, 00:13:45.584, 2705109583095, datacollector.dll, The type "Microsoft.TestPlatform.Extensions.EventLogCollector.EventLogDataCollector" defined in "Microsoft.TestPlatform.Extensions.EventLogCollector.dll" does not have ExtensionUri attribute.
TpTrace Information: 0 : 15428, 1, 2024/07/19, 00:13:45.584, 2705109587002, datacollector.dll, GetTestExtensionFromType: Register extension with identifier data 'datacollector://microsoft/EventLog/2.0' and type 'Microsoft.TestPlatform.Extensions.EventLogCollector.EventLogDataCollector, Microsoft.TestPlatform.Extensions.EventLogCollector, Version=15.0.0.0, Culture=neutral, PublicKeyToken=b03f5f7f11d50a3a' inside file 'C:\Program Files\dotnet\sdk\8.0.300\Extensions\Microsoft.TestPlatform.Extensions.EventLogCollector.dll'
TpTrace Verbose: 0 : 15428, 1, 2024/07/19, 00:13:45.585, 2705109591168, datacollector.dll, TestPluginCache: Discovered the extensions using extension path 'C:\Program Files\dotnet\sdk\8.0.300\Extensions\Microsoft.TestPlatform.Extensions.BlameDataCollector.dll,C:\Program Files\dotnet\sdk\8.0.300\Extensions\Microsoft.TestPlatform.Extensions.EventLogCollector.dll'.
TpTrace Verbose: 0 : 15428, 1, 2024/07/19, 00:13:45.585, 2705109592238, datacollector.dll, TestPluginCache: Discoverers are ''.
TpTrace Verbose: 0 : 15428, 1, 2024/07/19, 00:13:45.585, 2705109592916, datacollector.dll, TestPluginCache: Executors are ''.
TpTrace Verbose: 0 : 15428, 1, 2024/07/19, 00:13:45.585, 2705109593571, datacollector.dll, TestPluginCache: Executors2 are ''.
TpTrace Verbose: 0 : 15428, 1, 2024/07/19, 00:13:45.585, 2705109594201, datacollector.dll, TestPluginCache: Setting providers are ''.
TpTrace Verbose: 0 : 15428, 1, 2024/07/19, 00:13:45.585, 2705109594958, datacollector.dll, TestPluginCache: Loggers are ''.
TpTrace Verbose: 0 : 15428, 1, 2024/07/19, 00:13:45.585, 2705109595634, datacollector.dll, TestPluginCache: TestHosts are ''.
TpTrace Verbose: 0 : 15428, 1, 2024/07/19, 00:13:45.586, 2705109598638, datacollector.dll, TestPluginCache: DataCollectors are 'datacollector://microsoft/TestPlatform/Extensions/Blame/v1,datacollector://microsoft/EventLog/2.0'.
TpTrace Information: 0 : 15428, 1, 2024/07/19, 00:13:45.588, 2705109621810, datacollector.dll, TestPluginManager.CreateTestExtension: Attempting to load test extension: Microsoft.TestPlatform.Extensions.BlameDataCollector.BlameCollector
TpTrace Information: 0 : 15428, 1, 2024/07/19, 00:13:45.595, 2705109691815, datacollector.dll, [MonitorPostmortemDump]Monitor enabled: 'False'
TpTrace Verbose: 0 : 15428, 1, 2024/07/19, 00:13:45.596, 2705109703804, datacollector.dll, MulticastDelegateUtilities.SafeInvoke: DataCollectionEvents.SessionStart: Invoking callbacks was skipped because there are no subscribers.
TpTrace Information: 0 : 15428, 1, 2024/07/19, 00:13:45.597, 2705109712260, datacollector.dll, Listening on Endpoint : 127.0.0.1:54478
TpTrace Information: 0 : 15428, 1, 2024/07/19, 00:13:45.613, 2705109876546, datacollector.dll, DataCollectionRequestHandler.ProcessRequests : DataCollection started.
TpTrace Information: 0 : 15428, 1, 2024/07/19, 00:13:45.669, 2705110428412, datacollector.dll, DataCollectionRequestHandler.ProcessRequests: Datacollector received message: (DataCollection.TestHostLaunched) -> {"MessageType":"DataCollection.TestHostLaunched","Payload":{"ProcessId":13844}}
TpTrace Verbose: 0 : 15428, 1, 2024/07/19, 00:13:45.672, 2705110464115, datacollector.dll, MulticastDelegateUtilities.SafeInvoke: DataCollectionEvents.TestHostLaunched: Invoking callback 1/1 for Microsoft.TestPlatform.Extensions.BlameDataCollector.BlameCollector., took 0 ms.
TpTrace Information: 0 : 15428, 9, 2024/07/19, 00:13:46.118, 2705114922849, datacollector.dll, Using the buffer size of 16384 bytes
TpTrace Verbose: 0 : 15428, 7, 2024/07/19, 00:13:46.118, 2705114922985, datacollector.dll, SocketCommunicationManager.WaitForClientConnection took: 515 ms, with 90000 ms timeout, and finished with True.
TpTrace Information: 0 : 15428, 9, 2024/07/19, 00:13:46.118, 2705114925055, datacollector.dll, Accepted Client request and set the flag
TpTrace Information: 0 : 15428, 7, 2024/07/19, 00:13:47.335, 2705127096162, datacollector.dll, DataCollectionTestCaseEventHandler: Test case starting.
TpTrace Information: 0 : 15428, 7, 2024/07/19, 00:13:47.365, 2705127397935, datacollector.dll, BlameCollector.EventsTestCaseStart: Test Case Start
TpTrace Verbose: 0 : 15428, 7, 2024/07/19, 00:13:47.366, 2705127403624, datacollector.dll, MulticastDelegateUtilities.SafeInvoke: DataCollectionEvents.TestCaseStart: Invoking callback 1/1 for Microsoft.TestPlatform.Extensions.BlameDataCollector.BlameCollector., took 0 ms.
TpTrace Information: 0 : 15428, 7, 2024/07/19, 00:13:47.367, 2705127408807, datacollector.dll, DataCollectionTestCaseEventHandler: Test case 'TestFrameByIndex - 050fdd5d-e98c-f69f-7e27-80b97b47ebd0' started.
TpTrace Information: 0 : 15428, 7, 2024/07/19, 00:13:53.426, 2705187998533, datacollector.dll, DataCollectionTestCaseEventHandler: Test case completing.
TpTrace Information: 0 : 15428, 7, 2024/07/19, 00:13:53.436, 2705188099073, datacollector.dll, BlameCollector.EventsTestCaseEnd: Test Case End
TpTrace Verbose: 0 : 15428, 7, 2024/07/19, 00:13:53.437, 2705188110795, datacollector.dll, MulticastDelegateUtilities.SafeInvoke: DataCollectionEvents.TestCaseEnd: Invoking callback 1/1 for Microsoft.TestPlatform.Extensions.BlameDataCollector.BlameCollector., took 1 ms.
TpTrace Information: 0 : 15428, 7, 2024/07/19, 00:13:53.444, 2705188188062, datacollector.dll, DataCollectionTestCaseEventHandler: Test case 'TestFrameByIndex - 050fdd5d-e98c-f69f-7e27-80b97b47ebd0' completed
TpTrace Information: 0 : 15428, 7, 2024/07/19, 00:13:53.490, 2705188642930, datacollector.dll, DataCollectionTestCaseEventHandler: Test case starting.
TpTrace Information: 0 : 15428, 7, 2024/07/19, 00:13:53.493, 2705188670309, datacollector.dll, BlameCollector.EventsTestCaseStart: Test Case Start
TpTrace Verbose: 0 : 15428, 7, 2024/07/19, 00:13:53.493, 2705188673069, datacollector.dll, MulticastDelegateUtilities.SafeInvoke: DataCollectionEvents.TestCaseStart: Invoking callback 1/1 for Microsoft.TestPlatform.Extensions.BlameDataCollector.BlameCollector., took 0 ms.
TpTrace Information: 0 : 15428, 7, 2024/07/19, 00:13:53.493, 2705188676742, datacollector.dll, DataCollectionTestCaseEventHandler: Test case 'TestFrameById - 66058887-c309-47fa-1ca5-58aae7789918' started.
TpTrace Information: 0 : 15428, 7, 2024/07/19, 00:14:09.572, 2705349467879, datacollector.dll, DataCollectionTestCaseEventHandler: Test case completing.
TpTrace Information: 0 : 15428, 7, 2024/07/19, 00:14:09.575, 2705349488224, datacollector.dll, BlameCollector.EventsTestCaseEnd: Test Case End
TpTrace Verbose: 0 : 15428, 7, 2024/07/19, 00:14:09.575, 2705349490575, datacollector.dll, MulticastDelegateUtilities.SafeInvoke: DataCollectionEvents.TestCaseEnd: Invoking callback 1/1 for Microsoft.TestPlatform.Extensions.BlameDataCollector.BlameCollector., took 0 ms.
TpTrace Information: 0 : 15428, 7, 2024/07/19, 00:14:09.575, 2705349494676, datacollector.dll, DataCollectionTestCaseEventHandler: Test case 'TestFrameById - 66058887-c309-47fa-1ca5-58aae7789918' completed
TpTrace Information: 0 : 15428, 7, 2024/07/19, 00:14:09.578, 2705349525804, datacollector.dll, DataCollectionTestCaseEventHandler: Test case starting.
TpTrace Information: 0 : 15428, 7, 2024/07/19, 00:14:09.579, 2705349534276, datacollector.dll, BlameCollector.EventsTestCaseStart: Test Case Start
TpTrace Verbose: 0 : 15428, 7, 2024/07/19, 00:14:09.579, 2705349536320, datacollector.dll, MulticastDelegateUtilities.SafeInvoke: DataCollectionEvents.TestCaseStart: Invoking callback 1/1 for Microsoft.TestPlatform.Extensions.BlameDataCollector.BlameCollector., took 0 ms.
TpTrace Information: 0 : 15428, 7, 2024/07/19, 00:14:09.580, 2705349539827, datacollector.dll, DataCollectionTestCaseEventHandler: Test case 'TestFrameByWebElement - 60f74658-f61b-f4bd-fa3f-968fb5a6cfd5' started.
