TpTrace Verbose: 0 : 4160, 1, 2024/07/16, 18:15:20.749, 762096446921, datacollector.dll, Version: 17.10.0-release-24203-04
TpTrace Information: 0 : 4160, 1, 2024/07/16, 18:15:20.759, 762096542212, datacollector.dll, DataCollectorMain.Run: Starting data collector run with args: --port,51598,--parentprocessid,224,--diag,C:\Users\PC\Desktop\SeleniumWaits\DynamicDemo\bin\Debug\net6.0\fine-code-coverage\coverage-tool-output\diagnostics.datacollector.24-07-16_18-15-20_52394_5.log,--tracelevel,4
TpTrace Information: 0 : 4160, 1, 2024/07/16, 18:15:20.759, 762096544491, datacollector.dll, DataCollector: Monitoring parent process with id: '224'
TpTrace Information: 0 : 4160, 1, 2024/07/16, 18:15:20.774, 762096699610, datacollector.dll, Trying to connect to server on socket : 127.0.0.1:51598 
TpTrace Verbose: 0 : 4160, 1, 2024/07/16, 18:15:20.790, 762096851078, datacollector.dll, SocketCommunicationManager : SetupClientAsync : Attempting to connect to the server.
TpTrace Information: 0 : 4160, 1, 2024/07/16, 18:15:20.799, 762096948964, datacollector.dll, Connected to the server successfully 
TpTrace Information: 0 : 4160, 1, 2024/07/16, 18:15:20.799, 762096950159, datacollector.dll, Using the buffer size of 16384 bytes
TpTrace Information: 0 : 4160, 1, 2024/07/16, 18:15:20.915, 762098103941, datacollector.dll, DataCollector: Start Request Processing.
TpTrace Verbose: 0 : 4160, 1, 2024/07/16, 18:15:20.915, 762098107042, datacollector.dll, SocketCommunicationManager.WaitForServerConnection took: 0 ms, with 90000 ms timeout, and finished with True.
TpTrace Information: 0 : 4160, 1, 2024/07/16, 18:15:20.916, 762098110908, datacollector.dll, DataCollectionRequestHandler.ProcessRequests: Datacollector received message: (DataCollection.BeforeTestRunStart) -> {"MessageType":"DataCollection.BeforeTestRunStart","Payload":{"SettingsXml":"<RunSettings><RunConfiguration><ResultsDirectory>C:\\Users\\PC\\Desktop\\SeleniumWaits\\DynamicDemo\\bin\\Debug\\net6.0\\fine-code-coverage\\coverage-tool-output</ResultsDirectory><TargetPlatform>X64</TargetPlatform><TargetFrameworkVersion>.NETCoreApp,Version=v6.0</TargetFrameworkVersion><DesignMode>False</DesignMode><CollectSourceInformation>False</CollectSourceInformation><TestAdaptersPaths>C:\\Program Files\\dotnet\\sdk\\8.0.300\\Extensions</TestAdaptersPaths></RunConfiguration><LoggerRunSettings><Loggers><Logger friendlyName=\"blame\" enabled=\"True\" /><Logger friendlyName=\"Console\" uri=\"logger://microsoft/TestPlatform/ConsoleLogger/v1\" assemblyQualifiedName=\"Microsoft.VisualStudio.TestPlatform.CommandLine.Internal.ConsoleLogger, vstest.console, Version=15.0.0.0, Culture=neutral, PublicKeyToken=b03f5f7f11d50a3a\" codeBase=\"C:\\Program Files\\dotnet\\sdk\\8.0.300\\vstest.console.dll\" enabled=\"True\" /></Loggers></LoggerRunSettings><DataCollectionRunSettings><DataCollectors><DataCollector friendlyName=\"blame\" enabled=\"True\"><Configuration><ResultsDirectory>C:\\Users\\PC\\Desktop\\SeleniumWaits\\DynamicDemo\\bin\\Debug\\net6.0\\fine-code-coverage\\coverage-tool-output</ResultsDirectory></Configuration></DataCollector></DataCollectors></DataCollectionRunSettings></RunSettings>","Sources":["C:\\Users\\PC\\Desktop\\SeleniumWaits\\DynamicDemo\\bin\\Debug\\net6.0\\fine-code-coverage\\build-output\\DynamicDemo.dll"],"IsTelemetryOptedIn":false}}
TpTrace Verbose: 0 : 4160, 1, 2024/07/16, 18:15:20.990, 762098860714, datacollector.dll, TestPluginCache: Update extensions started. Skip filter = False
TpTrace Verbose: 0 : 4160, 1, 2024/07/16, 18:15:20.992, 762098871736, datacollector.dll, TestPluginCache: Using directories for assembly resolution 'C:\Program Files\dotnet\sdk\8.0.300\Extensions'.
TpTrace Verbose: 0 : 4160, 1, 2024/07/16, 18:15:20.992, 762098872760, datacollector.dll, TestPluginCache: Updated the available extensions to 'C:\Program Files\dotnet\sdk\8.0.300\Extensions\Microsoft.TestPlatform.Extensions.BlameDataCollector.dll,C:\Program Files\dotnet\sdk\8.0.300\Extensions\Microsoft.TestPlatform.Extensions.EventLogCollector.dll'.
TpTrace Verbose: 0 : 4160, 1, 2024/07/16, 18:15:20.999, 762098943410, datacollector.dll, TestPluginCache.DiscoverTestExtensions: finding test extensions in assemblies ends with: Collector.dll TPluginInfo: Microsoft.VisualStudio.TestPlatform.Common.DataCollector.DataCollectorConfig TExtension: Microsoft.VisualStudio.TestPlatform.ObjectModel.DataCollection.DataCollector
TpTrace Verbose: 0 : 4160, 1, 2024/07/16, 18:15:21.000, 762098960767, datacollector.dll, TestPluginCache.GetExtensionPaths: Filtered extension paths: C:\Program Files\dotnet\sdk\8.0.300\Extensions\Microsoft.TestPlatform.Extensions.BlameDataCollector.dll
C:\Program Files\dotnet\sdk\8.0.300\Extensions\Microsoft.TestPlatform.Extensions.EventLogCollector.dll
TpTrace Verbose: 0 : 4160, 1, 2024/07/16, 18:15:21.001, 762098962169, datacollector.dll, TestPluginCache.GetExtensionPaths: Added default extension paths: 
TpTrace Verbose: 0 : 4160, 1, 2024/07/16, 18:15:21.001, 762098962832, datacollector.dll, TestPluginCache.GetExtensionPaths: Added unfilterableExtensionPaths: 
TpTrace Information: 0 : 4160, 1, 2024/07/16, 18:15:21.002, 762098972353, datacollector.dll, AssemblyResolver.ctor: Creating AssemblyResolver with searchDirectories C:\Program Files\dotnet\sdk\8.0.300\Extensions,C:\Program Files\dotnet\sdk\8.0.300
TpTrace Verbose: 0 : 4160, 1, 2024/07/16, 18:15:21.004, 762098993291, datacollector.dll, TestPluginCache.DiscoverTestExtensions: Discovering the extensions using extension path.
TpTrace Verbose: 0 : 4160, 1, 2024/07/16, 18:15:21.004, 762098996657, datacollector.dll, TestPluginCache.GetExtensionPaths: Filtered extension paths: C:\Program Files\dotnet\sdk\8.0.300\Extensions\Microsoft.TestPlatform.Extensions.BlameDataCollector.dll
C:\Program Files\dotnet\sdk\8.0.300\Extensions\Microsoft.TestPlatform.Extensions.EventLogCollector.dll
TpTrace Verbose: 0 : 4160, 1, 2024/07/16, 18:15:21.004, 762098997406, datacollector.dll, TestPluginCache.GetExtensionPaths: Added default extension paths: 
TpTrace Verbose: 0 : 4160, 1, 2024/07/16, 18:15:21.004, 762098997960, datacollector.dll, TestPluginCache.GetExtensionPaths: Added unfilterableExtensionPaths: 
TpTrace Verbose: 0 : 4160, 1, 2024/07/16, 18:15:21.004, 762098998929, datacollector.dll, TestPluginCache.DiscoverTestExtensions: Discovering the extensions using allExtensionPaths: C:\Program Files\dotnet\sdk\8.0.300\Extensions\Microsoft.TestPlatform.Extensions.BlameDataCollector.dll
C:\Program Files\dotnet\sdk\8.0.300\Extensions\Microsoft.TestPlatform.Extensions.EventLogCollector.dll
TpTrace Information: 0 : 4160, 1, 2024/07/16, 18:15:21.004, 762099000582, datacollector.dll, AssemblyResolver.AddSearchDirectories: Adding more searchDirectories C:\Program Files\dotnet\sdk\8.0.300\Extensions,C:\Program Files\dotnet\sdk\8.0.300
TpTrace Information: 0 : 4160, 1, 2024/07/16, 18:15:21.005, 762099001510, datacollector.dll, AssemblyResolver.AddSearchDirectories: Adding more searchDirectories C:\Program Files\dotnet\sdk\8.0.300\Extensions,C:\Program Files\dotnet\sdk\8.0.300
TpTrace Information: 0 : 4160, 1, 2024/07/16, 18:15:21.005, 762099007846, datacollector.dll, AssemblyResolver.OnResolve: Microsoft.TestPlatform.Extensions.BlameDataCollector: Resolving assembly.
TpTrace Information: 0 : 4160, 1, 2024/07/16, 18:15:21.005, 762099008915, datacollector.dll, AssemblyResolver.OnResolve: Microsoft.TestPlatform.Extensions.BlameDataCollector: Searching in: 'C:\Program Files\dotnet\sdk\8.0.300\Extensions'.
TpTrace Information: 0 : 4160, 1, 2024/07/16, 18:15:21.019, 762099147955, datacollector.dll, AssemblyResolver.OnResolve: Microsoft.TestPlatform.Extensions.BlameDataCollector: Loading assembly 'C:\Program Files\dotnet\sdk\8.0.300\Extensions\Microsoft.TestPlatform.Extensions.BlameDataCollector.dll'.
TpTrace Information: 0 : 4160, 1, 2024/07/16, 18:15:21.020, 762099159053, datacollector.dll, AssemblyResolver.OnResolve: Resolved assembly: Microsoft.TestPlatform.Extensions.BlameDataCollector, from path: C:\Program Files\dotnet\sdk\8.0.300\Extensions\Microsoft.TestPlatform.Extensions.BlameDataCollector.dll
TpTrace Verbose: 0 : 4160, 1, 2024/07/16, 18:15:21.027, 762099224870, datacollector.dll, MetadataReaderExtensionsHelper: Discovering extensions inside assembly 'Microsoft.TestPlatform.Extensions.BlameDataCollector, Version=15.0.0.0, Culture=neutral, PublicKeyToken=b03f5f7f11d50a3a' file path 'C:\Program Files\dotnet\sdk\8.0.300\Extensions\Microsoft.TestPlatform.Extensions.BlameDataCollector.dll'
TpTrace Error: 0 : 4160, 1, 2024/07/16, 18:15:21.031, 762099266524, datacollector.dll, The type "Microsoft.TestPlatform.Extensions.BlameDataCollector.BlameCollector" defined in "Microsoft.TestPlatform.Extensions.BlameDataCollector.dll" does not have ExtensionUri attribute.
TpTrace Information: 0 : 4160, 1, 2024/07/16, 18:15:21.035, 762099302515, datacollector.dll, GetTestExtensionFromType: Register extension with identifier data 'datacollector://microsoft/TestPlatform/Extensions/Blame/v1' and type 'Microsoft.TestPlatform.Extensions.BlameDataCollector.BlameCollector, Microsoft.TestPlatform.Extensions.BlameDataCollector, Version=15.0.0.0, Culture=neutral, PublicKeyToken=b03f5f7f11d50a3a' inside file 'C:\Program Files\dotnet\sdk\8.0.300\Extensions\Microsoft.TestPlatform.Extensions.BlameDataCollector.dll'
TpTrace Information: 0 : 4160, 1, 2024/07/16, 18:15:21.035, 762099304907, datacollector.dll, AssemblyResolver.OnResolve: Microsoft.TestPlatform.Extensions.EventLogCollector: Resolving assembly.
TpTrace Information: 0 : 4160, 1, 2024/07/16, 18:15:21.035, 762099305877, datacollector.dll, AssemblyResolver.OnResolve: Microsoft.TestPlatform.Extensions.EventLogCollector: Searching in: 'C:\Program Files\dotnet\sdk\8.0.300\Extensions'.
TpTrace Information: 0 : 4160, 1, 2024/07/16, 18:15:21.036, 762099315415, datacollector.dll, AssemblyResolver.OnResolve: Microsoft.TestPlatform.Extensions.EventLogCollector: Loading assembly 'C:\Program Files\dotnet\sdk\8.0.300\Extensions\Microsoft.TestPlatform.Extensions.EventLogCollector.dll'.
TpTrace Information: 0 : 4160, 1, 2024/07/16, 18:15:21.037, 762099323608, datacollector.dll, AssemblyResolver.OnResolve: Resolved assembly: Microsoft.TestPlatform.Extensions.EventLogCollector, from path: C:\Program Files\dotnet\sdk\8.0.300\Extensions\Microsoft.TestPlatform.Extensions.EventLogCollector.dll
TpTrace Verbose: 0 : 4160, 1, 2024/07/16, 18:15:21.037, 762099324984, datacollector.dll, MetadataReaderExtensionsHelper: Discovering extensions inside assembly 'Microsoft.TestPlatform.Extensions.EventLogCollector, Version=15.0.0.0, Culture=neutral, PublicKeyToken=b03f5f7f11d50a3a' file path 'C:\Program Files\dotnet\sdk\8.0.300\Extensions\Microsoft.TestPlatform.Extensions.EventLogCollector.dll'
TpTrace Error: 0 : 4160, 1, 2024/07/16, 18:15:21.041, 762099364090, datacollector.dll, The type "Microsoft.TestPlatform.Extensions.EventLogCollector.EventLogDataCollector" defined in "Microsoft.TestPlatform.Extensions.EventLogCollector.dll" does not have ExtensionUri attribute.
TpTrace Information: 0 : 4160, 1, 2024/07/16, 18:15:21.041, 762099367589, datacollector.dll, GetTestExtensionFromType: Register extension with identifier data 'datacollector://microsoft/EventLog/2.0' and type 'Microsoft.TestPlatform.Extensions.EventLogCollector.EventLogDataCollector, Microsoft.TestPlatform.Extensions.EventLogCollector, Version=15.0.0.0, Culture=neutral, PublicKeyToken=b03f5f7f11d50a3a' inside file 'C:\Program Files\dotnet\sdk\8.0.300\Extensions\Microsoft.TestPlatform.Extensions.EventLogCollector.dll'
TpTrace Verbose: 0 : 4160, 1, 2024/07/16, 18:15:21.042, 762099370927, datacollector.dll, TestPluginCache: Discovered the extensions using extension path 'C:\Program Files\dotnet\sdk\8.0.300\Extensions\Microsoft.TestPlatform.Extensions.BlameDataCollector.dll,C:\Program Files\dotnet\sdk\8.0.300\Extensions\Microsoft.TestPlatform.Extensions.EventLogCollector.dll'.
TpTrace Verbose: 0 : 4160, 1, 2024/07/16, 18:15:21.042, 762099371907, datacollector.dll, TestPluginCache: Discoverers are ''.
TpTrace Verbose: 0 : 4160, 1, 2024/07/16, 18:15:21.042, 762099372511, datacollector.dll, TestPluginCache: Executors are ''.
TpTrace Verbose: 0 : 4160, 1, 2024/07/16, 18:15:21.042, 762099373071, datacollector.dll, TestPluginCache: Executors2 are ''.
TpTrace Verbose: 0 : 4160, 1, 2024/07/16, 18:15:21.042, 762099373684, datacollector.dll, TestPluginCache: Setting providers are ''.
TpTrace Verbose: 0 : 4160, 1, 2024/07/16, 18:15:21.042, 762099374273, datacollector.dll, TestPluginCache: Loggers are ''.
TpTrace Verbose: 0 : 4160, 1, 2024/07/16, 18:15:21.042, 762099374832, datacollector.dll, TestPluginCache: TestHosts are ''.
TpTrace Verbose: 0 : 4160, 1, 2024/07/16, 18:15:21.042, 762099377740, datacollector.dll, TestPluginCache: DataCollectors are 'datacollector://microsoft/TestPlatform/Extensions/Blame/v1,datacollector://microsoft/EventLog/2.0'.
TpTrace Information: 0 : 4160, 1, 2024/07/16, 18:15:21.045, 762099402760, datacollector.dll, TestPluginManager.CreateTestExtension: Attempting to load test extension: Microsoft.TestPlatform.Extensions.BlameDataCollector.BlameCollector
TpTrace Information: 0 : 4160, 1, 2024/07/16, 18:15:21.051, 762099468441, datacollector.dll, [MonitorPostmortemDump]Monitor enabled: 'False'
TpTrace Verbose: 0 : 4160, 1, 2024/07/16, 18:15:21.052, 762099479021, datacollector.dll, MulticastDelegateUtilities.SafeInvoke: DataCollectionEvents.SessionStart: Invoking callbacks was skipped because there are no subscribers.
TpTrace Information: 0 : 4160, 1, 2024/07/16, 18:15:21.054, 762099491471, datacollector.dll, Listening on Endpoint : 127.0.0.1:51600
TpTrace Information: 0 : 4160, 1, 2024/07/16, 18:15:21.066, 762099620135, datacollector.dll, DataCollectionRequestHandler.ProcessRequests : DataCollection started.
TpTrace Information: 0 : 4160, 1, 2024/07/16, 18:15:21.095, 762099901655, datacollector.dll, DataCollectionRequestHandler.ProcessRequests: Datacollector received message: (DataCollection.TestHostLaunched) -> {"MessageType":"DataCollection.TestHostLaunched","Payload":{"ProcessId":2212}}
TpTrace Verbose: 0 : 4160, 1, 2024/07/16, 18:15:21.098, 762099937040, datacollector.dll, MulticastDelegateUtilities.SafeInvoke: DataCollectionEvents.TestHostLaunched: Invoking callback 1/1 for Microsoft.TestPlatform.Extensions.BlameDataCollector.BlameCollector., took 0 ms.
TpTrace Verbose: 0 : 4160, 6, 2024/07/16, 18:15:21.480, 762103754264, datacollector.dll, SocketCommunicationManager.WaitForClientConnection took: 421 ms, with 90000 ms timeout, and finished with True.
TpTrace Information: 0 : 4160, 8, 2024/07/16, 18:15:21.480, 762103758765, datacollector.dll, Using the buffer size of 16384 bytes
TpTrace Information: 0 : 4160, 8, 2024/07/16, 18:15:21.480, 762103760470, datacollector.dll, Accepted Client request and set the flag
TpTrace Information: 0 : 4160, 6, 2024/07/16, 18:15:22.659, 762115545394, datacollector.dll, DataCollectionTestCaseEventHandler: Test case starting.
TpTrace Information: 0 : 4160, 6, 2024/07/16, 18:15:22.688, 762115835799, datacollector.dll, BlameCollector.EventsTestCaseStart: Test Case Start
TpTrace Verbose: 0 : 4160, 6, 2024/07/16, 18:15:22.689, 762115841514, datacollector.dll, MulticastDelegateUtilities.SafeInvoke: DataCollectionEvents.TestCaseStart: Invoking callback 1/1 for Microsoft.TestPlatform.Extensions.BlameDataCollector.BlameCollector., took 0 ms.
TpTrace Information: 0 : 4160, 6, 2024/07/16, 18:15:22.689, 762115846256, datacollector.dll, DataCollectionTestCaseEventHandler: Test case 'AddBoxWithoutWaitsFails - c26d5494-aa29-fb0d-b491-4863b18797ea' started.
TpTrace Information: 0 : 4160, 6, 2024/07/16, 18:15:26.742, 762156376475, datacollector.dll, DataCollectionTestCaseEventHandler: Test case completing.
TpTrace Information: 0 : 4160, 6, 2024/07/16, 18:15:26.756, 762156512051, datacollector.dll, BlameCollector.EventsTestCaseEnd: Test Case End
TpTrace Verbose: 0 : 4160, 6, 2024/07/16, 18:15:26.757, 762156521401, datacollector.dll, MulticastDelegateUtilities.SafeInvoke: DataCollectionEvents.TestCaseEnd: Invoking callback 1/1 for Microsoft.TestPlatform.Extensions.BlameDataCollector.BlameCollector., took 0 ms.
TpTrace Information: 0 : 4160, 6, 2024/07/16, 18:15:26.762, 762156578363, datacollector.dll, DataCollectionTestCaseEventHandler: Test case 'AddBoxWithoutWaitsFails - c26d5494-aa29-fb0d-b491-4863b18797ea' completed
TpTrace Information: 0 : 4160, 6, 2024/07/16, 18:15:26.802, 762156979118, datacollector.dll, DataCollectionTestCaseEventHandler: Test case starting.
TpTrace Information: 0 : 4160, 6, 2024/07/16, 18:15:26.805, 762157002205, datacollector.dll, BlameCollector.EventsTestCaseStart: Test Case Start
TpTrace Verbose: 0 : 4160, 6, 2024/07/16, 18:15:26.805, 762157005085, datacollector.dll, MulticastDelegateUtilities.SafeInvoke: DataCollectionEvents.TestCaseStart: Invoking callback 1/1 for Microsoft.TestPlatform.Extensions.BlameDataCollector.BlameCollector., took 0 ms.
TpTrace Information: 0 : 4160, 6, 2024/07/16, 18:15:26.805, 762157010517, datacollector.dll, DataCollectionTestCaseEventHandler: Test case 'RevealInputWithoutWaitsFail - 6e37e657-0cd1-965f-a773-397797f5e87f' started.
TpTrace Information: 0 : 4160, 6, 2024/07/16, 18:15:30.084, 762189797754, datacollector.dll, DataCollectionTestCaseEventHandler: Test case completing.
TpTrace Information: 0 : 4160, 6, 2024/07/16, 18:15:30.086, 762189811461, datacollector.dll, BlameCollector.EventsTestCaseEnd: Test Case End
TpTrace Verbose: 0 : 4160, 6, 2024/07/16, 18:15:30.086, 762189813326, datacollector.dll, MulticastDelegateUtilities.SafeInvoke: DataCollectionEvents.TestCaseEnd: Invoking callback 1/1 for Microsoft.TestPlatform.Extensions.BlameDataCollector.BlameCollector., took 0 ms.
TpTrace Information: 0 : 4160, 6, 2024/07/16, 18:15:30.086, 762189817128, datacollector.dll, DataCollectionTestCaseEventHandler: Test case 'RevealInputWithoutWaitsFail - 6e37e657-0cd1-965f-a773-397797f5e87f' completed
TpTrace Information: 0 : 4160, 6, 2024/07/16, 18:15:30.089, 762189843519, datacollector.dll, DataCollectionTestCaseEventHandler: Test case starting.
TpTrace Information: 0 : 4160, 6, 2024/07/16, 18:15:30.090, 762189856017, datacollector.dll, BlameCollector.EventsTestCaseStart: Test Case Start
TpTrace Verbose: 0 : 4160, 6, 2024/07/16, 18:15:30.090, 762189858293, datacollector.dll, MulticastDelegateUtilities.SafeInvoke: DataCollectionEvents.TestCaseStart: Invoking callback 1/1 for Microsoft.TestPlatform.Extensions.BlameDataCollector.BlameCollector., took 0 ms.
TpTrace Information: 0 : 4160, 6, 2024/07/16, 18:15:30.091, 762189861420, datacollector.dll, DataCollectionTestCaseEventHandler: Test case 'AddBoxWithThreadSleep - e5f110d9-73c0-fcae-ce8c-873499fd125f' started.
TpTrace Information: 0 : 4160, 6, 2024/07/16, 18:15:36.248, 762251433128, datacollector.dll, DataCollectionTestCaseEventHandler: Test case completing.
TpTrace Information: 0 : 4160, 6, 2024/07/16, 18:15:36.249, 762251442205, datacollector.dll, BlameCollector.EventsTestCaseEnd: Test Case End
TpTrace Verbose: 0 : 4160, 6, 2024/07/16, 18:15:36.249, 762251444089, datacollector.dll, MulticastDelegateUtilities.SafeInvoke: DataCollectionEvents.TestCaseEnd: Invoking callback 1/1 for Microsoft.TestPlatform.Extensions.BlameDataCollector.BlameCollector., took 0 ms.
TpTrace Information: 0 : 4160, 6, 2024/07/16, 18:15:36.249, 762251447489, datacollector.dll, DataCollectionTestCaseEventHandler: Test case 'AddBoxWithThreadSleep - e5f110d9-73c0-fcae-ce8c-873499fd125f' completed
TpTrace Information: 0 : 4160, 6, 2024/07/16, 18:15:36.251, 762251469899, datacollector.dll, DataCollectionTestCaseEventHandler: Test case starting.
TpTrace Information: 0 : 4160, 6, 2024/07/16, 18:15:36.252, 762251476812, datacollector.dll, BlameCollector.EventsTestCaseStart: Test Case Start
TpTrace Verbose: 0 : 4160, 6, 2024/07/16, 18:15:36.253, 762251482787, datacollector.dll, MulticastDelegateUtilities.SafeInvoke: DataCollectionEvents.TestCaseStart: Invoking callback 1/1 for Microsoft.TestPlatform.Extensions.BlameDataCollector.BlameCollector., took 0 ms.
TpTrace Information: 0 : 4160, 6, 2024/07/16, 18:15:36.253, 762251486406, datacollector.dll, DataCollectionTestCaseEventHandler: Test case 'AddBoxWithImplicitWait - 0158e218-012a-b2b6-4158-bf22da751b32' started.
TpTrace Information: 0 : 4160, 6, 2024/07/16, 18:15:40.252, 762291478041, datacollector.dll, DataCollectionTestCaseEventHandler: Test case completing.
TpTrace Information: 0 : 4160, 6, 2024/07/16, 18:15:40.253, 762291485500, datacollector.dll, BlameCollector.EventsTestCaseEnd: Test Case End
TpTrace Verbose: 0 : 4160, 6, 2024/07/16, 18:15:40.253, 762291486863, datacollector.dll, MulticastDelegateUtilities.SafeInvoke: DataCollectionEvents.TestCaseEnd: Invoking callback 1/1 for Microsoft.TestPlatform.Extensions.BlameDataCollector.BlameCollector., took 0 ms.
TpTrace Information: 0 : 4160, 6, 2024/07/16, 18:15:40.253, 762291489478, datacollector.dll, DataCollectionTestCaseEventHandler: Test case 'AddBoxWithImplicitWait - 0158e218-012a-b2b6-4158-bf22da751b32' completed
TpTrace Information: 0 : 4160, 6, 2024/07/16, 18:15:40.255, 762291508841, datacollector.dll, DataCollectionTestCaseEventHandler: Test case starting.
TpTrace Information: 0 : 4160, 6, 2024/07/16, 18:15:40.256, 762291515302, datacollector.dll, BlameCollector.EventsTestCaseStart: Test Case Start
TpTrace Verbose: 0 : 4160, 6, 2024/07/16, 18:15:40.256, 762291516914, datacollector.dll, MulticastDelegateUtilities.SafeInvoke: DataCollectionEvents.TestCaseStart: Invoking callback 1/1 for Microsoft.TestPlatform.Extensions.BlameDataCollector.BlameCollector., took 0 ms.
TpTrace Information: 0 : 4160, 6, 2024/07/16, 18:15:40.256, 762291519785, datacollector.dll, DataCollectionTestCaseEventHandler: Test case 'RevealInputWithImplicitWaits - 70db0621-186f-8f4c-a194-30d1907b966f' started.
TpTrace Information: 0 : 4160, 6, 2024/07/16, 18:15:43.330, 762322256513, datacollector.dll, DataCollectionTestCaseEventHandler: Test case completing.
TpTrace Information: 0 : 4160, 6, 2024/07/16, 18:15:43.331, 762322264128, datacollector.dll, BlameCollector.EventsTestCaseEnd: Test Case End
TpTrace Verbose: 0 : 4160, 6, 2024/07/16, 18:15:43.331, 762322265710, datacollector.dll, MulticastDelegateUtilities.SafeInvoke: DataCollectionEvents.TestCaseEnd: Invoking callback 1/1 for Microsoft.TestPlatform.Extensions.BlameDataCollector.BlameCollector., took 0 ms.
TpTrace Information: 0 : 4160, 6, 2024/07/16, 18:15:43.331, 762322268724, datacollector.dll, DataCollectionTestCaseEventHandler: Test case 'RevealInputWithImplicitWaits - 70db0621-186f-8f4c-a194-30d1907b966f' completed
TpTrace Information: 0 : 4160, 6, 2024/07/16, 18:15:43.333, 762322288700, datacollector.dll, DataCollectionTestCaseEventHandler: Test case starting.
TpTrace Information: 0 : 4160, 6, 2024/07/16, 18:15:43.334, 762322294764, datacollector.dll, BlameCollector.EventsTestCaseStart: Test Case Start
TpTrace Verbose: 0 : 4160, 6, 2024/07/16, 18:15:43.334, 762322295849, datacollector.dll, MulticastDelegateUtilities.SafeInvoke: DataCollectionEvents.TestCaseStart: Invoking callback 1/1 for Microsoft.TestPlatform.Extensions.BlameDataCollector.BlameCollector., took 0 ms.
TpTrace Information: 0 : 4160, 6, 2024/07/16, 18:15:43.334, 762322298801, datacollector.dll, DataCollectionTestCaseEventHandler: Test case 'RevealInputWithExplicitWaits - 8c50b189-1d10-5537-5050-923774d77dd6' started.
TpTrace Information: 0 : 4160, 6, 2024/07/16, 18:15:47.958, 762368535482, datacollector.dll, DataCollectionTestCaseEventHandler: Test case completing.
TpTrace Information: 0 : 4160, 6, 2024/07/16, 18:15:47.959, 762368541797, datacollector.dll, BlameCollector.EventsTestCaseEnd: Test Case End
TpTrace Verbose: 0 : 4160, 6, 2024/07/16, 18:15:47.959, 762368543167, datacollector.dll, MulticastDelegateUtilities.SafeInvoke: DataCollectionEvents.TestCaseEnd: Invoking callback 1/1 for Microsoft.TestPlatform.Extensions.BlameDataCollector.BlameCollector., took 0 ms.
TpTrace Information: 0 : 4160, 6, 2024/07/16, 18:15:47.959, 762368547003, datacollector.dll, DataCollectionTestCaseEventHandler: Test case 'RevealInputWithExplicitWaits - 8c50b189-1d10-5537-5050-923774d77dd6' completed
TpTrace Information: 0 : 4160, 6, 2024/07/16, 18:15:47.961, 762368566244, datacollector.dll, DataCollectionTestCaseEventHandler: Test case starting.
TpTrace Information: 0 : 4160, 6, 2024/07/16, 18:15:47.962, 762368572246, datacollector.dll, BlameCollector.EventsTestCaseStart: Test Case Start
TpTrace Verbose: 0 : 4160, 6, 2024/07/16, 18:15:47.962, 762368573819, datacollector.dll, MulticastDelegateUtilities.SafeInvoke: DataCollectionEvents.TestCaseStart: Invoking callback 1/1 for Microsoft.TestPlatform.Extensions.BlameDataCollector.BlameCollector., took 0 ms.
TpTrace Information: 0 : 4160, 6, 2024/07/16, 18:15:47.962, 762368578008, datacollector.dll, DataCollectionTestCaseEventHandler: Test case 'AddBoxWithFluentWaitExpectedConditionsAndIgnoredExceptions - ea52e16f-a489-6cd8-d34e-7f14765d93f5' started.
TpTrace Information: 0 : 4160, 6, 2024/07/16, 18:15:52.039, 762409342753, datacollector.dll, DataCollectionTestCaseEventHandler: Test case completing.
TpTrace Information: 0 : 4160, 6, 2024/07/16, 18:15:52.039, 762409348510, datacollector.dll, BlameCollector.EventsTestCaseEnd: Test Case End
TpTrace Verbose: 0 : 4160, 6, 2024/07/16, 18:15:52.039, 762409349835, datacollector.dll, MulticastDelegateUtilities.SafeInvoke: DataCollectionEvents.TestCaseEnd: Invoking callback 1/1 for Microsoft.TestPlatform.Extensions.BlameDataCollector.BlameCollector., took 0 ms.
TpTrace Information: 0 : 4160, 6, 2024/07/16, 18:15:52.040, 762409352659, datacollector.dll, DataCollectionTestCaseEventHandler: Test case 'AddBoxWithFluentWaitExpectedConditionsAndIgnoredExceptions - ea52e16f-a489-6cd8-d34e-7f14765d93f5' completed
TpTrace Information: 0 : 4160, 6, 2024/07/16, 18:15:52.042, 762409372790, datacollector.dll, DataCollectionTestCaseEventHandler: Test case starting.
TpTrace Information: 0 : 4160, 6, 2024/07/16, 18:15:52.042, 762409379310, datacollector.dll, BlameCollector.EventsTestCaseStart: Test Case Start
TpTrace Verbose: 0 : 4160, 6, 2024/07/16, 18:15:52.043, 762409381303, datacollector.dll, MulticastDelegateUtilities.SafeInvoke: DataCollectionEvents.TestCaseStart: Invoking callback 1/1 for Microsoft.TestPlatform.Extensions.BlameDataCollector.BlameCollector., took 0 ms.
TpTrace Information: 0 : 4160, 6, 2024/07/16, 18:15:52.043, 762409384149, datacollector.dll, DataCollectionTestCaseEventHandler: Test case 'RevealInputWithCustomFluentWait - 665e07fd-1c7c-ec24-ef38-dd6f0ae71da9' started.
TpTrace Information: 0 : 4160, 6, 2024/07/16, 18:15:56.278, 762451736645, datacollector.dll, DataCollectionTestCaseEventHandler: Test case completing.
TpTrace Information: 0 : 4160, 6, 2024/07/16, 18:15:56.279, 762451744509, datacollector.dll, BlameCollector.EventsTestCaseEnd: Test Case End
TpTrace Verbose: 0 : 4160, 6, 2024/07/16, 18:15:56.279, 762451745861, datacollector.dll, MulticastDelegateUtilities.SafeInvoke: DataCollectionEvents.TestCaseEnd: Invoking callback 1/1 for Microsoft.TestPlatform.Extensions.BlameDataCollector.BlameCollector., took 0 ms.
TpTrace Information: 0 : 4160, 6, 2024/07/16, 18:15:56.279, 762451750397, datacollector.dll, DataCollectionTestCaseEventHandler: Test case 'RevealInputWithCustomFluentWait - 665e07fd-1c7c-ec24-ef38-dd6f0ae71da9' completed
TpTrace Information: 0 : 4160, 6, 2024/07/16, 18:15:56.307, 762452028764, datacollector.dll, DataCollectionTestCaseEventHandler: Test session ended
TpTrace Information: 0 : 4160, 1, 2024/07/16, 18:15:56.370, 762452654765, datacollector.dll, DataCollectionRequestHandler.ProcessRequests: Datacollector received message: (DataCollection.AfterTestRunEnd) -> {"MessageType":"DataCollection.AfterTestRunEnd","Payload":false}
TpTrace Information: 0 : 4160, 1, 2024/07/16, 18:15:56.371, 762452666103, datacollector.dll, Blame Collector: Session End
TpTrace Information: 0 : 4160, 1, 2024/07/16, 18:15:56.371, 762452666809, datacollector.dll, BlameCollector.CollectDumpAndAbortTesthost: Custom path to dump directory was provided via VSTEST_DUMP_PATH. Skipping attachment upload, the caller is responsible for collecting and uploading the dumps themselves.
TpTrace Verbose: 0 : 4160, 1, 2024/07/16, 18:15:56.371, 762452667801, datacollector.dll, MulticastDelegateUtilities.SafeInvoke: DataCollectionEvents.SessionEnd: Invoking callback 1/1 for Microsoft.TestPlatform.Extensions.BlameDataCollector.BlameCollector., took 0 ms.
TpTrace Information: 0 : 4160, 1, 2024/07/16, 18:15:56.372, 762452674961, datacollector.dll, DataCollectionManager.CleanupPlugins: CleanupPlugins called
TpTrace Verbose: 0 : 4160, 1, 2024/07/16, 18:15:56.372, 762452675605, datacollector.dll, DataCollectionManager.CleanupPlugins: Cleaning up 1 plugins
TpTrace Verbose: 0 : 4160, 1, 2024/07/16, 18:15:56.372, 762452676929, datacollector.dll, dataCollectorInfo.DisposeDataCollector: calling Dispose() on Microsoft.TestPlatform.Extensions.BlameDataCollector.BlameCollector
TpTrace Information: 0 : 4160, 1, 2024/07/16, 18:15:56.372, 762452677874, datacollector.dll, DataCollectionManager.CleanupPlugins: CleanupPlugins finished
TpTrace Information: 0 : 4160, 1, 2024/07/16, 18:15:56.381, 762452762438, datacollector.dll, DataCollectionRequestHandler.ProcessRequests : Session End message received from server. Closing the connection.
TpTrace Information: 0 : 4160, 1, 2024/07/16, 18:15:56.381, 762452765564, datacollector.dll, Closing the connection !
TpTrace Information: 0 : 4160, 1, 2024/07/16, 18:15:56.381, 762452766131, datacollector.dll, DataCollectionRequestHandler.ProcessRequests : DataCollection completed
TpTrace Information: 0 : 4160, 1, 2024/07/16, 18:15:56.381, 762452766516, datacollector.dll, Program.Main: exiting datacollector process.
