TpTrace Verbose: 0 : 14540, 1, 2024/07/19, 00:14:40.170, 2705655439987, datacollector.dll, Version: 17.10.0-release-24203-04
TpTrace Information: 0 : 14540, 1, 2024/07/19, 00:14:40.179, 2705655530611, datacollector.dll, DataCollectorMain.Run: Starting data collector run with args: --port,54558,--parentprocessid,19580,--diag,C:\Users\PC\source\repos\ExerciseSeleniumWaits\ExerciseSeleniumWaits\bin\Debug\net6.0\fine-code-coverage\coverage-tool-output\diagnostics.datacollector.24-07-19_00-14-39_97751_5.log,--tracelevel,4
TpTrace Information: 0 : 14540, 1, 2024/07/19, 00:14:40.179, 2705655535223, datacollector.dll, DataCollector: Monitoring parent process with id: '19580'
TpTrace Information: 0 : 14540, 1, 2024/07/19, 00:14:40.192, 2705655662960, datacollector.dll, Trying to connect to server on socket : 127.0.0.1:54558 
TpTrace Verbose: 0 : 14540, 1, 2024/07/19, 00:14:40.207, 2705655808288, datacollector.dll, SocketCommunicationManager : SetupClientAsync : Attempting to connect to the server.
TpTrace Information: 0 : 14540, 6, 2024/07/19, 00:14:40.220, 2705655944460, datacollector.dll, Connected to the server successfully 
TpTrace Information: 0 : 14540, 6, 2024/07/19, 00:14:40.220, 2705655947060, datacollector.dll, Using the buffer size of 16384 bytes
TpTrace Information: 0 : 14540, 1, 2024/07/19, 00:14:40.316, 2705656904880, datacollector.dll, DataCollector: Start Request Processing.
TpTrace Verbose: 0 : 14540, 1, 2024/07/19, 00:14:40.317, 2705656908254, datacollector.dll, SocketCommunicationManager.WaitForServerConnection took: 0 ms, with 90000 ms timeout, and finished with True.
TpTrace Information: 0 : 14540, 1, 2024/07/19, 00:14:40.317, 2705656912948, datacollector.dll, DataCollectionRequestHandler.ProcessRequests: Datacollector received message: (DataCollection.BeforeTestRunStart) -> {"MessageType":"DataCollection.BeforeTestRunStart","Payload":{"SettingsXml":"<RunSettings><RunConfiguration><ResultsDirectory>C:\\Users\\PC\\source\\repos\\ExerciseSeleniumWaits\\ExerciseSeleniumWaits\\bin\\Debug\\net6.0\\fine-code-coverage\\coverage-tool-output</ResultsDirectory><TargetPlatform>X64</TargetPlatform><TargetFrameworkVersion>.NETCoreApp,Version=v6.0</TargetFrameworkVersion><DesignMode>False</DesignMode><CollectSourceInformation>False</CollectSourceInformation><TestAdaptersPaths>C:\\Program Files\\dotnet\\sdk\\8.0.300\\Extensions</TestAdaptersPaths></RunConfiguration><LoggerRunSettings><Loggers><Logger friendlyName=\"blame\" enabled=\"True\" /><Logger friendlyName=\"Console\" uri=\"logger://microsoft/TestPlatform/ConsoleLogger/v1\" assemblyQualifiedName=\"Microsoft.VisualStudio.TestPlatform.CommandLine.Internal.ConsoleLogger, vstest.console, Version=15.0.0.0, Culture=neutral, PublicKeyToken=b03f5f7f11d50a3a\" codeBase=\"C:\\Program Files\\dotnet\\sdk\\8.0.300\\vstest.console.dll\" enabled=\"True\" /></Loggers></LoggerRunSettings><DataCollectionRunSettings><DataCollectors><DataCollector friendlyName=\"blame\" enabled=\"True\"><Configuration><ResultsDirectory>C:\\Users\\PC\\source\\repos\\ExerciseSeleniumWaits\\ExerciseSeleniumWaits\\bin\\Debug\\net6.0\\fine-code-coverage\\coverage-tool-output</ResultsDirectory></Configuration></DataCollector></DataCollectors></DataCollectionRunSettings></RunSettings>","Sources":["C:\\Users\\PC\\source\\repos\\ExerciseSeleniumWaits\\ExerciseSeleniumWaits\\bin\\Debug\\net6.0\\fine-code-coverage\\build-output\\SearchWithImplicitWait.dll"],"IsTelemetryOptedIn":false}}
TpTrace Verbose: 0 : 14540, 1, 2024/07/19, 00:14:40.377, 2705657514604, datacollector.dll, TestPluginCache: Update extensions started. Skip filter = False
TpTrace Verbose: 0 : 14540, 1, 2024/07/19, 00:14:40.378, 2705657525275, datacollector.dll, TestPluginCache: Using directories for assembly resolution 'C:\Program Files\dotnet\sdk\8.0.300\Extensions'.
TpTrace Verbose: 0 : 14540, 1, 2024/07/19, 00:14:40.378, 2705657526535, datacollector.dll, TestPluginCache: Updated the available extensions to 'C:\Program Files\dotnet\sdk\8.0.300\Extensions\Microsoft.TestPlatform.Extensions.BlameDataCollector.dll,C:\Program Files\dotnet\sdk\8.0.300\Extensions\Microsoft.TestPlatform.Extensions.EventLogCollector.dll'.
TpTrace Verbose: 0 : 14540, 1, 2024/07/19, 00:14:40.385, 2705657591173, datacollector.dll, TestPluginCache.DiscoverTestExtensions: finding test extensions in assemblies ends with: Collector.dll TPluginInfo: Microsoft.VisualStudio.TestPlatform.Common.DataCollector.DataCollectorConfig TExtension: Microsoft.VisualStudio.TestPlatform.ObjectModel.DataCollection.DataCollector
TpTrace Verbose: 0 : 14540, 1, 2024/07/19, 00:14:40.387, 2705657609231, datacollector.dll, TestPluginCache.GetExtensionPaths: Filtered extension paths: C:\Program Files\dotnet\sdk\8.0.300\Extensions\Microsoft.TestPlatform.Extensions.BlameDataCollector.dll
C:\Program Files\dotnet\sdk\8.0.300\Extensions\Microsoft.TestPlatform.Extensions.EventLogCollector.dll
TpTrace Verbose: 0 : 14540, 1, 2024/07/19, 00:14:40.387, 2705657610476, datacollector.dll, TestPluginCache.GetExtensionPaths: Added default extension paths: 
TpTrace Verbose: 0 : 14540, 1, 2024/07/19, 00:14:40.387, 2705657611198, datacollector.dll, TestPluginCache.GetExtensionPaths: Added unfilterableExtensionPaths: 
TpTrace Information: 0 : 14540, 1, 2024/07/19, 00:14:40.388, 2705657619392, datacollector.dll, AssemblyResolver.ctor: Creating AssemblyResolver with searchDirectories C:\Program Files\dotnet\sdk\8.0.300\Extensions,C:\Program Files\dotnet\sdk\8.0.300
TpTrace Verbose: 0 : 14540, 1, 2024/07/19, 00:14:40.390, 2705657638630, datacollector.dll, TestPluginCache.DiscoverTestExtensions: Discovering the extensions using extension path.
TpTrace Verbose: 0 : 14540, 1, 2024/07/19, 00:14:40.390, 2705657641457, datacollector.dll, TestPluginCache.GetExtensionPaths: Filtered extension paths: C:\Program Files\dotnet\sdk\8.0.300\Extensions\Microsoft.TestPlatform.Extensions.BlameDataCollector.dll
C:\Program Files\dotnet\sdk\8.0.300\Extensions\Microsoft.TestPlatform.Extensions.EventLogCollector.dll
TpTrace Verbose: 0 : 14540, 1, 2024/07/19, 00:14:40.390, 2705657642358, datacollector.dll, TestPluginCache.GetExtensionPaths: Added default extension paths: 
TpTrace Verbose: 0 : 14540, 1, 2024/07/19, 00:14:40.390, 2705657642986, datacollector.dll, TestPluginCache.GetExtensionPaths: Added unfilterableExtensionPaths: 
TpTrace Verbose: 0 : 14540, 1, 2024/07/19, 00:14:40.390, 2705657643972, datacollector.dll, TestPluginCache.DiscoverTestExtensions: Discovering the extensions using allExtensionPaths: C:\Program Files\dotnet\sdk\8.0.300\Extensions\Microsoft.TestPlatform.Extensions.BlameDataCollector.dll
C:\Program Files\dotnet\sdk\8.0.300\Extensions\Microsoft.TestPlatform.Extensions.EventLogCollector.dll
TpTrace Information: 0 : 14540, 1, 2024/07/19, 00:14:40.390, 2705657645983, datacollector.dll, AssemblyResolver.AddSearchDirectories: Adding more searchDirectories C:\Program Files\dotnet\sdk\8.0.300\Extensions,C:\Program Files\dotnet\sdk\8.0.300
TpTrace Information: 0 : 14540, 1, 2024/07/19, 00:14:40.390, 2705657647012, datacollector.dll, AssemblyResolver.AddSearchDirectories: Adding more searchDirectories C:\Program Files\dotnet\sdk\8.0.300\Extensions,C:\Program Files\dotnet\sdk\8.0.300
TpTrace Information: 0 : 14540, 1, 2024/07/19, 00:14:40.391, 2705657653651, datacollector.dll, AssemblyResolver.OnResolve: Microsoft.TestPlatform.Extensions.BlameDataCollector: Resolving assembly.
TpTrace Information: 0 : 14540, 1, 2024/07/19, 00:14:40.391, 2705657654990, datacollector.dll, AssemblyResolver.OnResolve: Microsoft.TestPlatform.Extensions.BlameDataCollector: Searching in: 'C:\Program Files\dotnet\sdk\8.0.300\Extensions'.
TpTrace Information: 0 : 14540, 1, 2024/07/19, 00:14:40.403, 2705657777070, datacollector.dll, AssemblyResolver.OnResolve: Microsoft.TestPlatform.Extensions.BlameDataCollector: Loading assembly 'C:\Program Files\dotnet\sdk\8.0.300\Extensions\Microsoft.TestPlatform.Extensions.BlameDataCollector.dll'.
TpTrace Information: 0 : 14540, 1, 2024/07/19, 00:14:40.405, 2705657789383, datacollector.dll, AssemblyResolver.OnResolve: Resolved assembly: Microsoft.TestPlatform.Extensions.BlameDataCollector, from path: C:\Program Files\dotnet\sdk\8.0.300\Extensions\Microsoft.TestPlatform.Extensions.BlameDataCollector.dll
TpTrace Verbose: 0 : 14540, 1, 2024/07/19, 00:14:40.412, 2705657863129, datacollector.dll, MetadataReaderExtensionsHelper: Discovering extensions inside assembly 'Microsoft.TestPlatform.Extensions.BlameDataCollector, Version=15.0.0.0, Culture=neutral, PublicKeyToken=b03f5f7f11d50a3a' file path 'C:\Program Files\dotnet\sdk\8.0.300\Extensions\Microsoft.TestPlatform.Extensions.BlameDataCollector.dll'
TpTrace Error: 0 : 14540, 1, 2024/07/19, 00:14:40.416, 2705657901471, datacollector.dll, The type "Microsoft.TestPlatform.Extensions.BlameDataCollector.BlameCollector" defined in "Microsoft.TestPlatform.Extensions.BlameDataCollector.dll" does not have ExtensionUri attribute.
TpTrace Information: 0 : 14540, 1, 2024/07/19, 00:14:40.420, 2705657939066, datacollector.dll, GetTestExtensionFromType: Register extension with identifier data 'datacollector://microsoft/TestPlatform/Extensions/Blame/v1' and type 'Microsoft.TestPlatform.Extensions.BlameDataCollector.BlameCollector, Microsoft.TestPlatform.Extensions.BlameDataCollector, Version=15.0.0.0, Culture=neutral, PublicKeyToken=b03f5f7f11d50a3a' inside file 'C:\Program Files\dotnet\sdk\8.0.300\Extensions\Microsoft.TestPlatform.Extensions.BlameDataCollector.dll'
TpTrace Information: 0 : 14540, 1, 2024/07/19, 00:14:40.420, 2705657941207, datacollector.dll, AssemblyResolver.OnResolve: Microsoft.TestPlatform.Extensions.EventLogCollector: Resolving assembly.
TpTrace Information: 0 : 14540, 1, 2024/07/19, 00:14:40.420, 2705657941943, datacollector.dll, AssemblyResolver.OnResolve: Microsoft.TestPlatform.Extensions.EventLogCollector: Searching in: 'C:\Program Files\dotnet\sdk\8.0.300\Extensions'.
TpTrace Information: 0 : 14540, 1, 2024/07/19, 00:14:40.421, 2705657952718, datacollector.dll, AssemblyResolver.OnResolve: Microsoft.TestPlatform.Extensions.EventLogCollector: Loading assembly 'C:\Program Files\dotnet\sdk\8.0.300\Extensions\Microsoft.TestPlatform.Extensions.EventLogCollector.dll'.
TpTrace Information: 0 : 14540, 1, 2024/07/19, 00:14:40.422, 2705657962860, datacollector.dll, AssemblyResolver.OnResolve: Resolved assembly: Microsoft.TestPlatform.Extensions.EventLogCollector, from path: C:\Program Files\dotnet\sdk\8.0.300\Extensions\Microsoft.TestPlatform.Extensions.EventLogCollector.dll
TpTrace Verbose: 0 : 14540, 1, 2024/07/19, 00:14:40.422, 2705657964435, datacollector.dll, MetadataReaderExtensionsHelper: Discovering extensions inside assembly 'Microsoft.TestPlatform.Extensions.EventLogCollector, Version=15.0.0.0, Culture=neutral, PublicKeyToken=b03f5f7f11d50a3a' file path 'C:\Program Files\dotnet\sdk\8.0.300\Extensions\Microsoft.TestPlatform.Extensions.EventLogCollector.dll'
TpTrace Error: 0 : 14540, 1, 2024/07/19, 00:14:40.428, 2705658019365, datacollector.dll, The type "Microsoft.TestPlatform.Extensions.EventLogCollector.EventLogDataCollector" defined in "Microsoft.TestPlatform.Extensions.EventLogCollector.dll" does not have ExtensionUri attribute.
TpTrace Information: 0 : 14540, 1, 2024/07/19, 00:14:40.428, 2705658023745, datacollector.dll, GetTestExtensionFromType: Register extension with identifier data 'datacollector://microsoft/EventLog/2.0' and type 'Microsoft.TestPlatform.Extensions.EventLogCollector.EventLogDataCollector, Microsoft.TestPlatform.Extensions.EventLogCollector, Version=15.0.0.0, Culture=neutral, PublicKeyToken=b03f5f7f11d50a3a' inside file 'C:\Program Files\dotnet\sdk\8.0.300\Extensions\Microsoft.TestPlatform.Extensions.EventLogCollector.dll'
TpTrace Verbose: 0 : 14540, 1, 2024/07/19, 00:14:40.429, 2705658028286, datacollector.dll, TestPluginCache: Discovered the extensions using extension path 'C:\Program Files\dotnet\sdk\8.0.300\Extensions\Microsoft.TestPlatform.Extensions.BlameDataCollector.dll,C:\Program Files\dotnet\sdk\8.0.300\Extensions\Microsoft.TestPlatform.Extensions.EventLogCollector.dll'.
TpTrace Verbose: 0 : 14540, 1, 2024/07/19, 00:14:40.429, 2705658029311, datacollector.dll, TestPluginCache: Discoverers are ''.
TpTrace Verbose: 0 : 14540, 1, 2024/07/19, 00:14:40.429, 2705658030444, datacollector.dll, TestPluginCache: Executors are ''.
TpTrace Verbose: 0 : 14540, 1, 2024/07/19, 00:14:40.429, 2705658031197, datacollector.dll, TestPluginCache: Executors2 are ''.
TpTrace Verbose: 0 : 14540, 1, 2024/07/19, 00:14:40.429, 2705658032238, datacollector.dll, TestPluginCache: Setting providers are ''.
TpTrace Verbose: 0 : 14540, 1, 2024/07/19, 00:14:40.429, 2705658032951, datacollector.dll, TestPluginCache: Loggers are ''.
TpTrace Verbose: 0 : 14540, 1, 2024/07/19, 00:14:40.429, 2705658033663, datacollector.dll, TestPluginCache: TestHosts are ''.
TpTrace Verbose: 0 : 14540, 1, 2024/07/19, 00:14:40.429, 2705658037108, datacollector.dll, TestPluginCache: DataCollectors are 'datacollector://microsoft/TestPlatform/Extensions/Blame/v1,datacollector://microsoft/EventLog/2.0'.
TpTrace Information: 0 : 14540, 1, 2024/07/19, 00:14:40.431, 2705658057655, datacollector.dll, TestPluginManager.CreateTestExtension: Attempting to load test extension: Microsoft.TestPlatform.Extensions.BlameDataCollector.BlameCollector
TpTrace Information: 0 : 14540, 1, 2024/07/19, 00:14:40.437, 2705658116617, datacollector.dll, [MonitorPostmortemDump]Monitor enabled: 'False'
TpTrace Verbose: 0 : 14540, 1, 2024/07/19, 00:14:40.438, 2705658126990, datacollector.dll, MulticastDelegateUtilities.SafeInvoke: DataCollectionEvents.SessionStart: Invoking callbacks was skipped because there are no subscribers.
TpTrace Information: 0 : 14540, 1, 2024/07/19, 00:14:40.439, 2705658134530, datacollector.dll, Listening on Endpoint : 127.0.0.1:54560
TpTrace Information: 0 : 14540, 1, 2024/07/19, 00:14:40.450, 2705658243345, datacollector.dll, DataCollectionRequestHandler.ProcessRequests : DataCollection started.
TpTrace Information: 0 : 14540, 1, 2024/07/19, 00:14:40.472, 2705658460251, datacollector.dll, DataCollectionRequestHandler.ProcessRequests: Datacollector received message: (DataCollection.TestHostLaunched) -> {"MessageType":"DataCollection.TestHostLaunched","Payload":{"ProcessId":14376}}
TpTrace Verbose: 0 : 14540, 1, 2024/07/19, 00:14:40.475, 2705658495261, datacollector.dll, MulticastDelegateUtilities.SafeInvoke: DataCollectionEvents.TestHostLaunched: Invoking callback 1/1 for Microsoft.TestPlatform.Extensions.BlameDataCollector.BlameCollector., took 0 ms.
TpTrace Information: 0 : 14540, 8, 2024/07/19, 00:14:40.751, 2705661250832, datacollector.dll, Using the buffer size of 16384 bytes
TpTrace Verbose: 0 : 14540, 6, 2024/07/19, 00:14:40.751, 2705661251092, datacollector.dll, SocketCommunicationManager.WaitForClientConnection took: 307 ms, with 90000 ms timeout, and finished with True.
TpTrace Information: 0 : 14540, 8, 2024/07/19, 00:14:40.751, 2705661253040, datacollector.dll, Accepted Client request and set the flag
TpTrace Information: 0 : 14540, 6, 2024/07/19, 00:14:41.688, 2705670618845, datacollector.dll, DataCollectionTestCaseEventHandler: Test case starting.
TpTrace Information: 0 : 14540, 6, 2024/07/19, 00:14:41.706, 2705670800986, datacollector.dll, BlameCollector.EventsTestCaseStart: Test Case Start
TpTrace Verbose: 0 : 14540, 6, 2024/07/19, 00:14:41.706, 2705670804633, datacollector.dll, MulticastDelegateUtilities.SafeInvoke: DataCollectionEvents.TestCaseStart: Invoking callback 1/1 for Microsoft.TestPlatform.Extensions.BlameDataCollector.BlameCollector., took 0 ms.
TpTrace Information: 0 : 14540, 6, 2024/07/19, 00:14:41.707, 2705670808171, datacollector.dll, DataCollectionTestCaseEventHandler: Test case 'SearchProduct_Keyboard_ShouldAddToCart - 78f1e971-705d-263d-4ae9-5191f0da7a01' started.
TpTrace Information: 0 : 14540, 6, 2024/07/19, 00:14:48.515, 2705738894917, datacollector.dll, DataCollectionTestCaseEventHandler: Test case completing.
TpTrace Information: 0 : 14540, 6, 2024/07/19, 00:14:48.524, 2705738978505, datacollector.dll, BlameCollector.EventsTestCaseEnd: Test Case End
TpTrace Verbose: 0 : 14540, 6, 2024/07/19, 00:14:48.524, 2705738983304, datacollector.dll, MulticastDelegateUtilities.SafeInvoke: DataCollectionEvents.TestCaseEnd: Invoking callback 1/1 for Microsoft.TestPlatform.Extensions.BlameDataCollector.BlameCollector., took 0 ms.
TpTrace Information: 0 : 14540, 6, 2024/07/19, 00:14:48.532, 2705739058894, datacollector.dll, DataCollectionTestCaseEventHandler: Test case 'SearchProduct_Keyboard_ShouldAddToCart - 78f1e971-705d-263d-4ae9-5191f0da7a01' completed
TpTrace Information: 0 : 14540, 6, 2024/07/19, 00:14:48.578, 2705739520087, datacollector.dll, DataCollectionTestCaseEventHandler: Test case starting.
TpTrace Information: 0 : 14540, 6, 2024/07/19, 00:14:48.579, 2705739537411, datacollector.dll, BlameCollector.EventsTestCaseStart: Test Case Start
TpTrace Verbose: 0 : 14540, 6, 2024/07/19, 00:14:48.580, 2705739539909, datacollector.dll, MulticastDelegateUtilities.SafeInvoke: DataCollectionEvents.TestCaseStart: Invoking callback 1/1 for Microsoft.TestPlatform.Extensions.BlameDataCollector.BlameCollector., took 0 ms.
TpTrace Information: 0 : 14540, 6, 2024/07/19, 00:14:48.580, 2705739543462, datacollector.dll, DataCollectionTestCaseEventHandler: Test case 'SearchProduct_Junc_ShouldThrowNoSuchElementExeption - a88e9d56-4375-e1b7-162e-6e9386b2ed52' started.
